WARNING 2021-01-20 18:53:39,921 base 93 Not Found: /
WARNING 2021-01-20 18:53:39,922 basehttp 124 "GET / HTTP/1.1" 404 2045
WARNING 2021-01-20 20:42:35,772 base 93 Not Found: /
WARNING 2021-01-20 20:42:35,774 basehttp 124 "GET / HTTP/1.1" 404 2045
WARNING 2021-01-20 20:42:36,091 base 93 Not Found: /favicon.ico
WARNING 2021-01-20 20:42:36,093 basehttp 124 "GET /favicon.ico HTTP/1.1" 404 2096
INFO 2021-01-20 20:42:48,798 basehttp 124 "GET /admin/ HTTP/1.1" 200 4366
INFO 2021-01-20 20:42:48,933 basehttp 124 "GET /static/xadmin/vendor/bootstrap/css/bootstrap.css HTTP/1.1" 200 126432
INFO 2021-01-20 20:42:48,948 basehttp 124 "GET /static/xadmin/css/themes/bootstrap-xadmin.css HTTP/1.1" 200 1888
INFO 2021-01-20 20:42:48,949 basehttp 124 "GET /static/xadmin/css/xadmin.plugins.css HTTP/1.1" 200 175
INFO 2021-01-20 20:42:48,951 basehttp 124 "GET /static/xadmin/vendor/font-awesome/css/font-awesome.css HTTP/1.1" 200 21658
INFO 2021-01-20 20:42:48,951 basehttp 124 "GET /static/xadmin/css/xadmin.responsive.css HTTP/1.1" 200 4361
INFO 2021-01-20 20:42:48,954 basehttp 124 "GET /static/xadmin/css/xadmin.main.css HTTP/1.1" 200 8376
INFO 2021-01-20 20:42:48,963 basehttp 124 "GET /static/xadmin/vendor/jquery-ui/jquery.ui.core.js HTTP/1.1" 200 8195
INFO 2021-01-20 20:42:49,009 basehttp 124 "GET /static/xadmin/js/xadmin.main.js HTTP/1.1" 200 3401
INFO 2021-01-20 20:42:49,014 basehttp 124 "GET /static/xadmin/vendor/jquery-ui/jquery.ui.widget.js HTTP/1.1" 200 15069
INFO 2021-01-20 20:42:49,014 basehttp 124 "GET /static/xadmin/vendor/bootstrap/js/bootstrap.js HTTP/1.1" 200 58327
INFO 2021-01-20 20:42:49,017 basehttp 124 "GET /static/xadmin/vendor/jquery-ui/jquery.ui.mouse.js HTTP/1.1" 200 4561
INFO 2021-01-20 20:42:49,023 basehttp 124 "GET /static/xadmin/vendor/jquery-ui/jquery.ui.sortable.js HTTP/1.1" 200 42543
INFO 2021-01-20 20:42:49,057 basehttp 124 "GET /static/xadmin/vendor/jquery-ui/jquery.ui.effect.js HTTP/1.1" 200 31918
INFO 2021-01-20 20:42:49,059 basehttp 124 "GET /admin/jsi18n/ HTTP/1.1" 200 4373
INFO 2021-01-20 20:42:49,063 basehttp 124 "GET /static/xadmin/js/xadmin.responsive.js HTTP/1.1" 200 4165
INFO 2021-01-20 20:42:49,066 basehttp 124 "GET /static/xadmin/js/xadmin.plugin.themes.js HTTP/1.1" 200 3489
INFO 2021-01-20 20:42:49,068 basehttp 124 "GET /static/xadmin/vendor/jquery/jquery.js HTTP/1.1" 200 240196
INFO 2021-01-20 20:42:49,433 basehttp 124 "GET /static/xadmin/vendor/font-awesome/fonts/fontawesome-webfont.woff?v=4.0.3 HTTP/1.1" 200 44432
INFO 2021-01-20 20:43:11,440 basehttp 124 "POST /admin/ HTTP/1.1" 302 0
INFO 2021-01-20 20:43:22,419 basehttp 124 "GET /admin/ HTTP/1.1" 200 14406
INFO 2021-01-20 20:43:22,522 basehttp 124 "GET /static/xadmin/css/xadmin.page.dashboard.css HTTP/1.1" 200 790
INFO 2021-01-20 20:43:22,533 basehttp 124 "GET /static/xadmin/js/xadmin.page.dashboard.js HTTP/1.1" 200 3208
INFO 2021-01-20 20:43:22,545 basehttp 124 "GET /static/xadmin/js/xadmin.plugin.portal.js HTTP/1.1" 200 1000
INFO 2021-01-20 20:43:26,555 basehttp 124 "GET /admin/jsi18n/ HTTP/1.1" 200 3185
INFO 2021-01-20 20:44:16,735 basehttp 124 "GET /admin/ HTTP/1.1" 200 14406
INFO 2021-01-20 20:44:20,860 basehttp 124 "GET /admin/jsi18n/ HTTP/1.1" 200 3185
INFO 2021-01-20 20:44:28,621 basehttp 124 "GET /admin/xadmin/userwidget/add/?user=1&page_id=home&_redirect=/admin/ HTTP/1.1" 200 18608
INFO 2021-01-20 20:44:28,712 basehttp 124 "GET /static/xadmin/css/xadmin.form.css HTTP/1.1" 200 3763
INFO 2021-01-20 20:44:28,732 basehttp 124 "GET /static/xadmin/js/xadmin.page.form.js HTTP/1.1" 200 1948
INFO 2021-01-20 20:44:32,767 basehttp 124 "GET /admin/jsi18n/ HTTP/1.1" 200 3185
INFO 2021-01-20 20:44:44,189 basehttp 124 "GET /admin/ HTTP/1.1" 200 14406
INFO 2021-01-20 20:44:56,014 basehttp 124 "GET /admin/home/banner/ HTTP/1.1" 200 24277
ERROR 2021-01-20 20:44:56,020 basehttp 124 "GET /admin/home/banner/ HTTP/1.1" 500 59
INFO 2021-01-20 20:44:58,227 basehttp 124 "GET /admin/home/banner/ HTTP/1.1" 200 24277
INFO 2021-01-20 20:44:58,337 basehttp 124 "GET /static/xadmin/js/xadmin.plugin.details.js HTTP/1.1" 200 2319
INFO 2021-01-20 20:44:58,338 basehttp 124 "GET /static/xadmin/js/xadmin.plugin.bookmark.js HTTP/1.1" 200 529
INFO 2021-01-20 20:44:58,357 basehttp 124 "GET /static/xadmin/js/xadmin.plugin.filters.js HTTP/1.1" 200 1990
INFO 2021-01-20 20:44:58,360 basehttp 124 "GET /static/xadmin/js/xadmin.page.list.js HTTP/1.1" 200 1105
INFO 2021-01-20 20:45:02,386 basehttp 124 "GET /admin/jsi18n/ HTTP/1.1" 200 3185
INFO 2021-01-20 20:45:09,531 basehttp 124 "GET /admin/home/banner/add/ HTTP/1.1" 200 19458
INFO 2021-01-20 20:45:09,761 basehttp 124 "GET /static/xadmin/vendor/bootstrap-image-gallery/css/bootstrap-image-gallery.css HTTP/1.1" 200 3339
INFO 2021-01-20 20:45:09,779 basehttp 124 "GET /static/xadmin/vendor/load-image/load-image.js HTTP/1.1" 200 8309
INFO 2021-01-20 20:45:09,781 basehttp 124 "GET /static/xadmin/vendor/bootstrap-image-gallery/js/bootstrap-image-gallery.js HTTP/1.1" 200 15611
INFO 2021-01-20 20:45:13,798 basehttp 124 "GET /admin/jsi18n/ HTTP/1.1" 200 3185
INFO 2021-01-20 20:47:49,201 basehttp 124 "POST /admin/home/banner/add/ HTTP/1.1" 302 0
INFO 2021-01-20 20:47:53,525 basehttp 124 "GET /admin/home/banner/add/ HTTP/1.1" 200 19802
INFO 2021-01-20 20:47:53,665 basehttp 124 "GET /static/xadmin/vendor/bootstrap/css/bootstrap.css HTTP/1.1" 304 0
INFO 2021-01-20 20:47:53,681 basehttp 124 "GET /static/xadmin/vendor/font-awesome/css/font-awesome.css HTTP/1.1" 304 0
INFO 2021-01-20 20:47:53,686 basehttp 124 "GET /static/xadmin/css/themes/bootstrap-xadmin.css HTTP/1.1" 304 0
INFO 2021-01-20 20:47:53,711 basehttp 124 "GET /static/xadmin/css/xadmin.main.css HTTP/1.1" 304 0
INFO 2021-01-20 20:47:53,717 basehttp 124 "GET /static/xadmin/css/xadmin.plugins.css HTTP/1.1" 304 0
INFO 2021-01-20 20:47:53,717 basehttp 124 "GET /static/xadmin/css/xadmin.responsive.css HTTP/1.1" 304 0
INFO 2021-01-20 20:47:53,733 basehttp 124 "GET /static/xadmin/css/xadmin.form.css HTTP/1.1" 304 0
INFO 2021-01-20 20:47:53,733 basehttp 124 "GET /static/xadmin/vendor/jquery/jquery.js HTTP/1.1" 304 0
INFO 2021-01-20 20:47:53,755 basehttp 124 "GET /static/xadmin/vendor/jquery-ui/jquery.ui.widget.js HTTP/1.1" 304 0
INFO 2021-01-20 20:47:53,759 basehttp 124 "GET /static/xadmin/vendor/jquery-ui/jquery.ui.sortable.js HTTP/1.1" 304 0
INFO 2021-01-20 20:47:53,762 basehttp 124 "GET /static/xadmin/vendor/bootstrap/js/bootstrap.js HTTP/1.1" 304 0
INFO 2021-01-20 20:47:53,764 basehttp 124 "GET /static/xadmin/vendor/jquery-ui/jquery.ui.effect.js HTTP/1.1" 304 0
INFO 2021-01-20 20:47:53,771 basehttp 124 "GET /static/xadmin/js/xadmin.plugin.themes.js HTTP/1.1" 304 0
INFO 2021-01-20 20:47:53,786 basehttp 124 "GET /static/xadmin/vendor/jquery-ui/jquery.ui.mouse.js HTTP/1.1" 304 0
INFO 2021-01-20 20:47:53,790 basehttp 124 "GET /static/xadmin/vendor/jquery-ui/jquery.ui.core.js HTTP/1.1" 304 0
INFO 2021-01-20 20:47:53,797 basehttp 124 "GET /static/xadmin/js/xadmin.main.js HTTP/1.1" 304 0
INFO 2021-01-20 20:47:53,804 basehttp 124 "GET /static/xadmin/js/xadmin.responsive.js HTTP/1.1" 304 0
INFO 2021-01-20 20:47:53,806 basehttp 124 "GET /static/xadmin/js/xadmin.page.form.js HTTP/1.1" 304 0
INFO 2021-01-20 20:47:53,808 basehttp 124 "GET /static/xadmin/js/xadmin.plugin.portal.js HTTP/1.1" 304 0
INFO 2021-01-20 20:47:57,761 basehttp 124 "GET /admin/jsi18n/ HTTP/1.1" 200 3185
INFO 2021-01-20 20:47:57,789 basehttp 124 "GET /static/xadmin/vendor/font-awesome/fonts/fontawesome-webfont.woff?v=4.0.3 HTTP/1.1" 304 0
INFO 2021-01-20 20:48:59,968 basehttp 124 "POST /admin/home/banner/add/ HTTP/1.1" 302 0
INFO 2021-01-20 20:49:04,292 basehttp 124 "GET /admin/home/banner/add/ HTTP/1.1" 200 19798
INFO 2021-01-20 20:49:04,395 basehttp 124 "GET /static/xadmin/vendor/bootstrap-image-gallery/css/bootstrap-image-gallery.css HTTP/1.1" 304 0
INFO 2021-01-20 20:49:04,414 basehttp 124 "GET /static/xadmin/vendor/load-image/load-image.js HTTP/1.1" 304 0
INFO 2021-01-20 20:49:04,414 basehttp 124 "GET /static/xadmin/vendor/bootstrap-image-gallery/js/bootstrap-image-gallery.js HTTP/1.1" 304 0
INFO 2021-01-20 20:49:08,454 basehttp 124 "GET /admin/jsi18n/ HTTP/1.1" 200 3185
INFO 2021-01-20 20:50:59,923 basehttp 124 "POST /admin/home/banner/add/ HTTP/1.1" 302 0
INFO 2021-01-20 20:51:04,257 basehttp 124 "GET /admin/home/banner/add/ HTTP/1.1" 200 19801
INFO 2021-01-20 20:51:08,407 basehttp 124 "GET /admin/jsi18n/ HTTP/1.1" 200 3185
INFO 2021-01-20 20:52:13,138 basehttp 124 "POST /admin/home/banner/add/ HTTP/1.1" 302 0
INFO 2021-01-20 20:52:17,378 basehttp 124 "GET /admin/home/banner/ HTTP/1.1" 200 31079
INFO 2021-01-20 20:52:17,534 basehttp 124 "GET /static/xadmin/css/xadmin.main.css HTTP/1.1" 304 0
INFO 2021-01-20 20:52:17,540 basehttp 124 "GET /static/xadmin/vendor/font-awesome/css/font-awesome.css HTTP/1.1" 304 0
INFO 2021-01-20 20:52:17,543 basehttp 124 "GET /static/xadmin/css/themes/bootstrap-xadmin.css HTTP/1.1" 304 0
INFO 2021-01-20 20:52:17,554 basehttp 124 "GET /static/xadmin/vendor/bootstrap/css/bootstrap.css HTTP/1.1" 304 0
INFO 2021-01-20 20:52:17,562 basehttp 124 "GET /static/xadmin/css/xadmin.plugins.css HTTP/1.1" 304 0
INFO 2021-01-20 20:52:17,564 basehttp 124 "GET /static/xadmin/css/xadmin.responsive.css HTTP/1.1" 304 0
INFO 2021-01-20 20:52:17,570 basehttp 124 "GET /static/xadmin/css/xadmin.form.css HTTP/1.1" 304 0
INFO 2021-01-20 20:52:17,573 basehttp 124 "GET /static/xadmin/vendor/jquery-ui/jquery.ui.core.js HTTP/1.1" 304 0
INFO 2021-01-20 20:52:17,575 basehttp 124 "GET /static/xadmin/vendor/jquery-ui/jquery.ui.widget.js HTTP/1.1" 304 0
INFO 2021-01-20 20:52:17,581 basehttp 124 "GET /static/xadmin/vendor/jquery-ui/jquery.ui.sortable.js HTTP/1.1" 304 0
INFO 2021-01-20 20:52:17,585 basehttp 124 "GET /static/xadmin/js/xadmin.responsive.js HTTP/1.1" 304 0
INFO 2021-01-20 20:52:17,588 basehttp 124 "GET /static/xadmin/js/xadmin.plugin.themes.js HTTP/1.1" 304 0
INFO 2021-01-20 20:52:17,622 basehttp 124 "GET /static/xadmin/js/xadmin.plugin.actions.js HTTP/1.1" 200 4198
INFO 2021-01-20 20:52:17,656 basehttp 124 "GET /static/xadmin/js/xadmin.plugin.details.js HTTP/1.1" 304 0
INFO 2021-01-20 20:52:17,657 basehttp 124 "GET /static/xadmin/js/xadmin.page.form.js HTTP/1.1" 304 0
INFO 2021-01-20 20:52:17,658 basehttp 124 "GET /static/xadmin/js/xadmin.plugin.bookmark.js HTTP/1.1" 304 0
INFO 2021-01-20 20:52:17,658 basehttp 124 "GET /static/xadmin/js/xadmin.plugin.filters.js HTTP/1.1" 304 0
INFO 2021-01-20 20:52:17,660 basehttp 124 "GET /static/xadmin/js/xadmin.page.list.js HTTP/1.1" 304 0
INFO 2021-01-20 20:52:17,661 basehttp 124 "GET /static/xadmin/vendor/jquery/jquery.js HTTP/1.1" 304 0
INFO 2021-01-20 20:52:17,691 basehttp 124 "GET /static/xadmin/js/xadmin.main.js HTTP/1.1" 304 0
INFO 2021-01-20 20:52:17,692 basehttp 124 "GET /static/xadmin/vendor/jquery-ui/jquery.ui.effect.js HTTP/1.1" 304 0
INFO 2021-01-20 20:52:17,694 basehttp 124 "GET /static/xadmin/vendor/jquery-ui/jquery.ui.mouse.js HTTP/1.1" 304 0
INFO 2021-01-20 20:52:17,694 basehttp 124 "GET /static/xadmin/vendor/bootstrap/js/bootstrap.js HTTP/1.1" 304 0
INFO 2021-01-20 20:52:21,709 basehttp 124 "GET /admin/jsi18n/ HTTP/1.1" 200 3185
INFO 2021-01-20 20:52:21,797 basehttp 124 "GET /static/xadmin/vendor/font-awesome/fonts/fontawesome-webfont.woff?v=4.0.3 HTTP/1.1" 304 0
WARNING 2021-01-20 21:17:40,660 base 93 Not Found: /
WARNING 2021-01-20 21:17:40,662 basehttp 124 "GET / HTTP/1.1" 404 2150
INFO 2021-01-20 21:18:02,473 basehttp 124 "GET /home/banner/ HTTP/1.1" 200 6539
INFO 2021-01-20 21:18:02,584 basehttp 124 "GET /static/rest_framework/css/bootstrap-tweaks.css HTTP/1.1" 200 3385
INFO 2021-01-20 21:18:02,588 basehttp 124 "GET /static/rest_framework/css/bootstrap.min.css HTTP/1.1" 200 121457
INFO 2021-01-20 21:18:02,608 basehttp 124 "GET /static/rest_framework/css/prettify.css HTTP/1.1" 200 817
INFO 2021-01-20 21:18:02,609 basehttp 124 "GET /static/rest_framework/css/default.css HTTP/1.1" 200 1131
INFO 2021-01-20 21:18:02,617 basehttp 124 "GET /static/rest_framework/js/csrf.js HTTP/1.1" 200 1719
INFO 2021-01-20 21:18:02,621 basehttp 124 "GET /static/rest_framework/js/ajax-form.js HTTP/1.1" 200 3597
INFO 2021-01-20 21:18:02,630 basehttp 124 "GET /static/rest_framework/js/bootstrap.min.js HTTP/1.1" 200 37608
INFO 2021-01-20 21:18:02,635 basehttp 124 "GET /static/rest_framework/js/prettify-min.js HTTP/1.1" 200 13632
INFO 2021-01-20 21:18:02,636 basehttp 124 "GET /static/rest_framework/js/jquery-3.4.1.min.js HTTP/1.1" 200 88145
INFO 2021-01-20 21:18:02,639 basehttp 124 "GET /static/rest_framework/js/default.js HTTP/1.1" 200 1268
INFO 2021-01-20 21:18:02,669 basehttp 124 "GET /static/rest_framework/img/grid.png HTTP/1.1" 200 1458
INFO 2021-01-20 21:24:48,198 basehttp 124 "GET /home/banner/ HTTP/1.1" 200 437
INFO 2021-01-20 21:26:00,928 basehttp 124 "GET /home/banner/ HTTP/1.1" 200 437
INFO 2021-01-20 21:26:01,074 basehttp 124 "GET /media/banner/02.png HTTP/1.1" 200 364808
INFO 2021-01-20 21:26:01,079 basehttp 124 "GET /media/banner/corejava.png HTTP/1.1" 200 302234
INFO 2021-01-20 21:26:01,097 basehttp 124 "GET /media/banner/01.png HTTP/1.1" 200 737783
INFO 2021-01-20 21:26:01,106 basehttp 124 "GET /media/banner/03.png HTTP/1.1" 200 745382
INFO 2021-01-20 21:28:18,190 basehttp 124 "GET /home/banner/ HTTP/1.1" 200 437
INFO 2021-01-20 21:30:25,122 basehttp 124 "GET /home/banner/ HTTP/1.1" 200 437
INFO 2021-01-20 21:30:25,174 basehttp 124 "GET /media/banner/corejava.png HTTP/1.1" 200 302234
INFO 2021-01-20 21:30:25,177 basehttp 124 "GET /media/banner/02.png HTTP/1.1" 200 364808
INFO 2021-01-20 21:30:25,185 basehttp 124 "GET /media/banner/01.png HTTP/1.1" 200 737783
INFO 2021-01-20 21:30:25,186 basehttp 124 "GET /media/banner/03.png HTTP/1.1" 200 745382
INFO 2021-01-20 21:35:27,750 basehttp 124 "GET /admin/home/banner/add/ HTTP/1.1" 200 19471
INFO 2021-01-20 21:35:27,866 basehttp 124 "GET /static/xadmin/vendor/bootstrap/css/bootstrap.css HTTP/1.1" 304 0
INFO 2021-01-20 21:35:27,871 basehttp 124 "GET /static/xadmin/css/themes/bootstrap-xadmin.css HTTP/1.1" 304 0
INFO 2021-01-20 21:35:27,879 basehttp 124 "GET /static/xadmin/vendor/font-awesome/css/font-awesome.css HTTP/1.1" 304 0
INFO 2021-01-20 21:35:27,908 basehttp 124 "GET /static/xadmin/css/xadmin.main.css HTTP/1.1" 304 0
INFO 2021-01-20 21:35:27,913 basehttp 124 "GET /static/xadmin/css/xadmin.plugins.css HTTP/1.1" 304 0
INFO 2021-01-20 21:35:27,917 basehttp 124 "GET /static/xadmin/css/xadmin.responsive.css HTTP/1.1" 304 0
INFO 2021-01-20 21:35:27,935 basehttp 124 "GET /static/xadmin/vendor/bootstrap-image-gallery/css/bootstrap-image-gallery.css HTTP/1.1" 304 0
INFO 2021-01-20 21:35:27,938 basehttp 124 "GET /static/xadmin/css/xadmin.form.css HTTP/1.1" 304 0
INFO 2021-01-20 21:35:27,941 basehttp 124 "GET /static/xadmin/vendor/jquery/jquery.js HTTP/1.1" 304 0
INFO 2021-01-20 21:35:27,966 basehttp 124 "GET /static/xadmin/vendor/jquery-ui/jquery.ui.core.js HTTP/1.1" 304 0
INFO 2021-01-20 21:35:28,005 basehttp 124 "GET /static/xadmin/vendor/jquery-ui/jquery.ui.widget.js HTTP/1.1" 304 0
INFO 2021-01-20 21:35:28,020 basehttp 124 "GET /static/xadmin/vendor/jquery-ui/jquery.ui.sortable.js HTTP/1.1" 304 0
INFO 2021-01-20 21:35:28,023 basehttp 124 "GET /static/xadmin/vendor/jquery-ui/jquery.ui.mouse.js HTTP/1.1" 304 0
INFO 2021-01-20 21:35:28,030 basehttp 124 "GET /static/xadmin/vendor/bootstrap/js/bootstrap.js HTTP/1.1" 304 0
INFO 2021-01-20 21:35:28,032 basehttp 124 "GET /static/xadmin/js/xadmin.main.js HTTP/1.1" 304 0
INFO 2021-01-20 21:35:28,046 basehttp 124 "GET /static/xadmin/vendor/jquery-ui/jquery.ui.effect.js HTTP/1.1" 304 0
INFO 2021-01-20 21:35:28,052 basehttp 124 "GET /static/xadmin/vendor/load-image/load-image.js HTTP/1.1" 304 0
INFO 2021-01-20 21:35:28,057 basehttp 124 "GET /static/xadmin/vendor/bootstrap-image-gallery/js/bootstrap-image-gallery.js HTTP/1.1" 304 0
INFO 2021-01-20 21:35:28,066 basehttp 124 "GET /static/xadmin/js/xadmin.page.form.js HTTP/1.1" 304 0
INFO 2021-01-20 21:35:28,075 basehttp 124 "GET /static/xadmin/js/xadmin.responsive.js HTTP/1.1" 304 0
INFO 2021-01-20 21:35:28,081 basehttp 124 "GET /static/xadmin/js/xadmin.plugin.portal.js HTTP/1.1" 304 0
INFO 2021-01-20 21:35:28,089 basehttp 124 "GET /static/xadmin/js/xadmin.plugin.themes.js HTTP/1.1" 304 0
INFO 2021-01-20 21:35:32,091 basehttp 124 "GET /admin/jsi18n/ HTTP/1.1" 200 7684
INFO 2021-01-20 21:35:32,629 basehttp 124 "GET /static/xadmin/vendor/font-awesome/fonts/fontawesome-webfont.woff?v=4.0.3 HTTP/1.1" 304 0
INFO 2021-01-20 21:35:40,579 basehttp 124 "GET /admin/ HTTP/1.1" 200 14399
INFO 2021-01-20 21:35:40,669 basehttp 124 "GET /static/xadmin/css/xadmin.page.dashboard.css HTTP/1.1" 304 0
INFO 2021-01-20 21:35:40,689 basehttp 124 "GET /static/xadmin/js/xadmin.page.dashboard.js HTTP/1.1" 304 0
INFO 2021-01-20 21:35:44,706 basehttp 124 "GET /admin/jsi18n/ HTTP/1.1" 200 7684
INFO 2021-01-20 21:36:22,631 basehttp 124 "GET /admin/ HTTP/1.1" 200 14399
INFO 2021-01-20 21:36:26,731 basehttp 124 "GET /admin/jsi18n/ HTTP/1.1" 200 7684
INFO 2021-01-20 21:36:46,218 basehttp 124 "GET /admin/reversion/revision/ HTTP/1.1" 200 29049
INFO 2021-01-20 21:36:46,311 basehttp 124 "GET /static/xadmin/vendor/bootstrap-datepicker/css/datepicker.css HTTP/1.1" 200 10225
INFO 2021-01-20 21:36:46,315 basehttp 124 "GET /static/xadmin/vendor/select2/select2.css HTTP/1.1" 200 19226
INFO 2021-01-20 21:36:46,318 basehttp 124 "GET /static/xadmin/vendor/selectize/selectize.css HTTP/1.1" 200 8425
INFO 2021-01-20 21:36:46,335 basehttp 124 "GET /static/xadmin/vendor/selectize/selectize.bootstrap3.css HTTP/1.1" 200 10602
INFO 2021-01-20 21:36:46,339 basehttp 124 "GET /static/xadmin/js/xadmin.widget.datetime.js HTTP/1.1" 200 2979
INFO 2021-01-20 21:36:46,343 basehttp 124 "GET /static/xadmin/vendor/bootstrap-datepicker/js/bootstrap-datepicker.js HTTP/1.1" 200 32656
INFO 2021-01-20 21:36:46,364 basehttp 124 "GET /static/xadmin/vendor/select2/select2.js HTTP/1.1" 200 104906
INFO 2021-01-20 21:36:46,367 basehttp 124 "GET /static/xadmin/vendor/selectize/selectize.js HTTP/1.1" 200 98602
INFO 2021-01-20 21:36:46,381 basehttp 124 "GET /static/xadmin/vendor/select2/select2_locale_zh-hans.js HTTP/1.1" 200 694
INFO 2021-01-20 21:36:46,388 basehttp 124 "GET /static/xadmin/js/xadmin.plugin.details.js HTTP/1.1" 304 0
INFO 2021-01-20 21:36:46,400 basehttp 124 "GET /static/xadmin/js/xadmin.widget.select.js HTTP/1.1" 200 1344
INFO 2021-01-20 21:36:46,401 basehttp 124 "GET /static/xadmin/js/xadmin.plugin.bookmark.js HTTP/1.1" 304 0
INFO 2021-01-20 21:36:46,404 basehttp 124 "GET /static/xadmin/js/xadmin.plugin.filters.js HTTP/1.1" 304 0
INFO 2021-01-20 21:36:46,405 basehttp 124 "GET /static/xadmin/js/xadmin.page.list.js HTTP/1.1" 304 0
INFO 2021-01-20 21:36:50,400 basehttp 124 "GET /admin/jsi18n/ HTTP/1.1" 200 7684
INFO 2021-01-20 21:37:02,048 basehttp 124 "GET /admin/reversion/revision/add/ HTTP/1.1" 200 27633
INFO 2021-01-20 21:37:02,125 basehttp 124 "GET /static/xadmin/vendor/bootstrap-clockpicker/bootstrap-clockpicker.css HTTP/1.1" 200 3729
INFO 2021-01-20 21:37:02,150 basehttp 124 "GET /static/xadmin/css/xadmin.plugin.formset.css HTTP/1.1" 200 1114
INFO 2021-01-20 21:37:02,158 basehttp 124 "GET /static/xadmin/vendor/bootstrap-clockpicker/bootstrap-clockpicker.js HTTP/1.1" 200 21112
INFO 2021-01-20 21:37:02,161 basehttp 124 "GET /static/xadmin/js/xadmin.plugin.quick-form.js HTTP/1.1" 200 7546
INFO 2021-01-20 21:37:02,162 basehttp 124 "GET /static/xadmin/js/xadmin.plugin.formset.js HTTP/1.1" 200 5969
INFO 2021-01-20 21:37:06,191 basehttp 124 "GET /admin/jsi18n/ HTTP/1.1" 200 7684
INFO 2021-01-20 21:37:27,437 basehttp 124 "GET /admin/ HTTP/1.1" 200 14399
INFO 2021-01-20 21:37:31,575 basehttp 124 "GET /admin/jsi18n/ HTTP/1.1" 200 7684
INFO 2021-01-20 21:37:38,251 basehttp 124 "GET /admin/xadmin/userwidget/add/?user=1&page_id=home&_redirect=/admin/ HTTP/1.1" 200 18610
INFO 2021-01-20 21:37:42,352 basehttp 124 "GET /admin/jsi18n/ HTTP/1.1" 200 7684
INFO 2021-01-20 21:38:01,146 basehttp 124 "GET /admin/xadmin/userwidget/ HTTP/1.1" 200 26781
INFO 2021-01-20 21:38:05,282 basehttp 124 "GET /admin/jsi18n/ HTTP/1.1" 200 7684
INFO 2021-01-20 21:38:20,247 basehttp 124 "GET /admin/home/banner/ HTTP/1.1" 200 30715
INFO 2021-01-20 21:38:20,340 basehttp 124 "GET /static/xadmin/js/xadmin.plugin.actions.js HTTP/1.1" 304 0
INFO 2021-01-20 21:38:24,371 basehttp 124 "GET /admin/jsi18n/ HTTP/1.1" 200 7684
INFO 2021-01-20 21:41:28,522 basehttp 124 "GET /admin/home/banner/ HTTP/1.1" 200 31126
INFO 2021-01-20 21:41:32,689 basehttp 124 "GET /admin/jsi18n/ HTTP/1.1" 200 7684
INFO 2021-01-20 21:42:13,291 basehttp 124 "GET /admin/home/nav/ HTTP/1.1" 200 24765
INFO 2021-01-20 21:42:17,402 basehttp 124 "GET /admin/jsi18n/ HTTP/1.1" 200 7684
INFO 2021-01-20 21:42:26,055 basehttp 124 "GET /admin/home/nav/add/ HTTP/1.1" 200 19207
INFO 2021-01-20 21:42:30,191 basehttp 124 "GET /admin/jsi18n/ HTTP/1.1" 200 7684
INFO 2021-01-20 21:44:00,349 basehttp 124 "POST /admin/home/nav/add/ HTTP/1.1" 302 0
INFO 2021-01-20 21:44:04,711 basehttp 124 "GET /admin/home/nav/add/ HTTP/1.1" 200 19543
INFO 2021-01-20 21:44:04,878 basehttp 124 "GET /static/xadmin/vendor/bootstrap/css/bootstrap.css HTTP/1.1" 304 0
INFO 2021-01-20 21:44:04,907 basehttp 124 "GET /static/xadmin/css/xadmin.main.css HTTP/1.1" 304 0
INFO 2021-01-20 21:44:04,908 basehttp 124 "GET /static/xadmin/css/themes/bootstrap-xadmin.css HTTP/1.1" 304 0
INFO 2021-01-20 21:44:04,910 basehttp 124 "GET /static/xadmin/vendor/font-awesome/css/font-awesome.css HTTP/1.1" 304 0
INFO 2021-01-20 21:44:04,922 basehttp 124 "GET /static/xadmin/css/xadmin.responsive.css HTTP/1.1" 304 0
INFO 2021-01-20 21:44:04,931 basehttp 124 "GET /static/xadmin/css/xadmin.plugins.css HTTP/1.1" 304 0
INFO 2021-01-20 21:44:04,939 basehttp 124 "GET /static/xadmin/css/xadmin.form.css HTTP/1.1" 304 0
INFO 2021-01-20 21:44:04,950 basehttp 124 "GET /static/xadmin/vendor/jquery/jquery.js HTTP/1.1" 304 0
INFO 2021-01-20 21:44:04,961 basehttp 124 "GET /static/xadmin/vendor/jquery-ui/jquery.ui.core.js HTTP/1.1" 304 0
INFO 2021-01-20 21:44:04,964 basehttp 124 "GET /static/xadmin/vendor/jquery-ui/jquery.ui.widget.js HTTP/1.1" 304 0
INFO 2021-01-20 21:44:04,967 basehttp 124 "GET /static/xadmin/vendor/jquery-ui/jquery.ui.mouse.js HTTP/1.1" 304 0
INFO 2021-01-20 21:44:04,974 basehttp 124 "GET /static/xadmin/vendor/bootstrap/js/bootstrap.js HTTP/1.1" 304 0
INFO 2021-01-20 21:44:04,979 basehttp 124 "GET /static/xadmin/js/xadmin.responsive.js HTTP/1.1" 304 0
INFO 2021-01-20 21:44:04,988 basehttp 124 "GET /static/xadmin/js/xadmin.plugin.portal.js HTTP/1.1" 304 0
INFO 2021-01-20 21:44:04,996 basehttp 124 "GET /static/xadmin/vendor/jquery-ui/jquery.ui.sortable.js HTTP/1.1" 304 0
INFO 2021-01-20 21:44:04,997 basehttp 124 "GET /static/xadmin/js/xadmin.main.js HTTP/1.1" 304 0
INFO 2021-01-20 21:44:05,000 basehttp 124 "GET /static/xadmin/js/xadmin.page.form.js HTTP/1.1" 304 0
INFO 2021-01-20 21:44:05,002 basehttp 124 "GET /static/xadmin/vendor/jquery-ui/jquery.ui.effect.js HTTP/1.1" 304 0
INFO 2021-01-20 21:44:05,004 basehttp 124 "GET /static/xadmin/js/xadmin.plugin.themes.js HTTP/1.1" 304 0
INFO 2021-01-20 21:44:08,978 basehttp 124 "GET /admin/jsi18n/ HTTP/1.1" 200 7684
INFO 2021-01-20 21:52:56,019 basehttp 124 "POST /admin/home/nav/add/ HTTP/1.1" 302 0
INFO 2021-01-20 21:53:00,381 basehttp 124 "GET /admin/home/nav/add/ HTTP/1.1" 200 19553
INFO 2021-01-20 21:53:00,506 basehttp 124 "GET /static/xadmin/vendor/select2/select2.css HTTP/1.1" 304 0
INFO 2021-01-20 21:53:00,508 basehttp 124 "GET /static/xadmin/vendor/selectize/selectize.css HTTP/1.1" 304 0
INFO 2021-01-20 21:53:00,516 basehttp 124 "GET /static/xadmin/vendor/selectize/selectize.bootstrap3.css HTTP/1.1" 304 0
INFO 2021-01-20 21:53:00,531 basehttp 124 "GET /static/xadmin/vendor/select2/select2.js HTTP/1.1" 304 0
INFO 2021-01-20 21:53:00,534 basehttp 124 "GET /static/xadmin/vendor/selectize/selectize.js HTTP/1.1" 304 0
INFO 2021-01-20 21:53:00,536 basehttp 124 "GET /static/xadmin/vendor/select2/select2_locale_zh-hans.js HTTP/1.1" 304 0
INFO 2021-01-20 21:53:00,539 basehttp 124 "GET /static/xadmin/js/xadmin.widget.select.js HTTP/1.1" 304 0
INFO 2021-01-20 21:53:04,543 basehttp 124 "GET /admin/jsi18n/ HTTP/1.1" 200 7684
INFO 2021-01-20 21:53:04,567 basehttp 124 "GET /static/xadmin/vendor/font-awesome/fonts/fontawesome-webfont.woff?v=4.0.3 HTTP/1.1" 304 0
INFO 2021-01-20 21:55:59,900 basehttp 124 "GET /admin/home/nav/ HTTP/1.1" 200 29068
INFO 2021-01-20 21:55:59,956 basehttp 124 "GET /static/xadmin/vendor/bootstrap/css/bootstrap.css HTTP/1.1" 304 0
INFO 2021-01-20 21:55:59,975 basehttp 124 "GET /static/xadmin/vendor/font-awesome/css/font-awesome.css HTTP/1.1" 304 0
INFO 2021-01-20 21:55:59,975 basehttp 124 "GET /static/xadmin/css/themes/bootstrap-xadmin.css HTTP/1.1" 304 0
INFO 2021-01-20 21:55:59,988 basehttp 124 "GET /static/xadmin/css/xadmin.main.css HTTP/1.1" 304 0
INFO 2021-01-20 21:55:59,996 basehttp 124 "GET /static/xadmin/css/xadmin.plugins.css HTTP/1.1" 304 0
INFO 2021-01-20 21:56:00,003 basehttp 124 "GET /static/xadmin/css/xadmin.responsive.css HTTP/1.1" 304 0
INFO 2021-01-20 21:56:00,004 basehttp 124 "GET /static/xadmin/css/xadmin.form.css HTTP/1.1" 304 0
INFO 2021-01-20 21:56:00,017 basehttp 124 "GET /static/xadmin/vendor/jquery/jquery.js HTTP/1.1" 304 0
INFO 2021-01-20 21:56:00,034 basehttp 124 "GET /static/xadmin/vendor/jquery-ui/jquery.ui.core.js HTTP/1.1" 304 0
INFO 2021-01-20 21:56:00,049 basehttp 124 "GET /static/xadmin/vendor/jquery-ui/jquery.ui.widget.js HTTP/1.1" 304 0
INFO 2021-01-20 21:56:00,051 basehttp 124 "GET /static/xadmin/vendor/jquery-ui/jquery.ui.mouse.js HTTP/1.1" 304 0
INFO 2021-01-20 21:56:00,058 basehttp 124 "GET /static/xadmin/vendor/jquery-ui/jquery.ui.sortable.js HTTP/1.1" 304 0
INFO 2021-01-20 21:56:00,067 basehttp 124 "GET /static/xadmin/vendor/bootstrap/js/bootstrap.js HTTP/1.1" 304 0
INFO 2021-01-20 21:56:00,071 basehttp 124 "GET /static/xadmin/js/xadmin.main.js HTTP/1.1" 304 0
INFO 2021-01-20 21:56:00,090 basehttp 124 "GET /static/xadmin/js/xadmin.responsive.js HTTP/1.1" 304 0
INFO 2021-01-20 21:56:00,093 basehttp 124 "GET /static/xadmin/vendor/jquery-ui/jquery.ui.effect.js HTTP/1.1" 304 0
INFO 2021-01-20 21:56:00,107 basehttp 124 "GET /static/xadmin/js/xadmin.plugin.themes.js HTTP/1.1" 304 0
INFO 2021-01-20 21:56:00,117 basehttp 124 "GET /static/xadmin/js/xadmin.plugin.bookmark.js HTTP/1.1" 304 0
INFO 2021-01-20 21:56:00,122 basehttp 124 "GET /static/xadmin/js/xadmin.plugin.details.js HTTP/1.1" 304 0
INFO 2021-01-20 21:56:00,136 basehttp 124 "GET /static/xadmin/js/xadmin.page.list.js HTTP/1.1" 304 0
INFO 2021-01-20 21:56:00,139 basehttp 124 "GET /static/xadmin/js/xadmin.page.form.js HTTP/1.1" 304 0
INFO 2021-01-20 21:56:00,140 basehttp 124 "GET /static/xadmin/js/xadmin.plugin.actions.js HTTP/1.1" 304 0
INFO 2021-01-20 21:56:00,142 basehttp 124 "GET /static/xadmin/js/xadmin.plugin.filters.js HTTP/1.1" 304 0
INFO 2021-01-20 21:56:04,045 basehttp 124 "GET /admin/jsi18n/ HTTP/1.1" 200 7684
INFO 2021-01-20 21:57:13,557 basehttp 124 "GET /admin/home/nav/add/ HTTP/1.1" 200 19207
INFO 2021-01-20 21:57:13,685 basehttp 124 "GET /static/xadmin/js/xadmin.plugin.portal.js HTTP/1.1" 304 0
INFO 2021-01-20 21:57:17,694 basehttp 124 "GET /admin/jsi18n/ HTTP/1.1" 200 7684
INFO 2021-01-20 21:58:09,655 basehttp 124 "POST /admin/home/nav/add/ HTTP/1.1" 302 0
INFO 2021-01-20 21:58:13,983 basehttp 124 "GET /admin/home/nav/add/ HTTP/1.1" 200 19546
INFO 2021-01-20 21:58:18,150 basehttp 124 "GET /admin/jsi18n/ HTTP/1.1" 200 7684
INFO 2021-01-20 21:59:38,286 basehttp 124 "POST /admin/home/nav/add/ HTTP/1.1" 302 0
INFO 2021-01-20 21:59:42,537 basehttp 124 "GET /admin/home/nav/ HTTP/1.1" 200 30533
INFO 2021-01-20 21:59:46,722 basehttp 124 "GET /admin/jsi18n/ HTTP/1.1" 200 7684
INFO 2021-01-20 22:00:04,873 basehttp 124 "GET /admin/home/nav/add/ HTTP/1.1" 200 19207
INFO 2021-01-20 22:00:09,022 basehttp 124 "GET /admin/jsi18n/ HTTP/1.1" 200 7684
INFO 2021-01-20 22:00:39,611 basehttp 124 "POST /admin/home/nav/add/ HTTP/1.1" 302 0
INFO 2021-01-20 22:00:43,928 basehttp 124 "GET /admin/home/nav/add/ HTTP/1.1" 200 19549
INFO 2021-01-20 22:00:48,091 basehttp 124 "GET /admin/jsi18n/ HTTP/1.1" 200 7684
INFO 2021-01-20 22:02:06,986 basehttp 124 "POST /admin/home/nav/add/ HTTP/1.1" 302 0
INFO 2021-01-20 22:02:11,293 basehttp 124 "GET /admin/home/nav/ HTTP/1.1" 200 31725
INFO 2021-01-20 22:02:15,475 basehttp 124 "GET /admin/jsi18n/ HTTP/1.1" 200 7684
INFO 2021-01-20 22:04:22,706 basehttp 124 "GET /admin/home/nav/?_cols=title.orders.is_show.position HTTP/1.1" 200 34191
INFO 2021-01-20 22:04:26,824 basehttp 124 "GET /admin/jsi18n/ HTTP/1.1" 200 7684
INFO 2021-01-20 22:04:26,854 basehttp 124 "GET /static/xadmin/vendor/font-awesome/fonts/fontawesome-webfont.woff?v=4.0.3 HTTP/1.1" 304 0
INFO 2021-01-20 22:05:39,772 basehttp 124 "GET /admin/home/nav/add/ HTTP/1.1" 200 19207
INFO 2021-01-20 22:05:39,847 basehttp 124 "GET /static/xadmin/vendor/select2/select2.css HTTP/1.1" 304 0
INFO 2021-01-20 22:05:39,866 basehttp 124 "GET /static/xadmin/vendor/selectize/selectize.css HTTP/1.1" 304 0
INFO 2021-01-20 22:05:39,867 basehttp 124 "GET /static/xadmin/vendor/selectize/selectize.bootstrap3.css HTTP/1.1" 304 0
INFO 2021-01-20 22:05:39,867 basehttp 124 "GET /static/xadmin/vendor/selectize/selectize.js HTTP/1.1" 304 0
INFO 2021-01-20 22:05:39,867 basehttp 124 "GET /static/xadmin/vendor/select2/select2.js HTTP/1.1" 304 0
INFO 2021-01-20 22:05:39,869 basehttp 124 "GET /static/xadmin/vendor/select2/select2_locale_zh-hans.js HTTP/1.1" 304 0
INFO 2021-01-20 22:05:39,882 basehttp 124 "GET /static/xadmin/js/xadmin.widget.select.js HTTP/1.1" 304 0
INFO 2021-01-20 22:05:43,886 basehttp 124 "GET /admin/jsi18n/ HTTP/1.1" 200 7684
INFO 2021-01-20 22:06:14,206 basehttp 124 "POST /admin/home/nav/add/ HTTP/1.1" 302 0
INFO 2021-01-20 22:06:18,533 basehttp 124 "GET /admin/home/nav/add/ HTTP/1.1" 200 19549
INFO 2021-01-20 22:06:22,669 basehttp 124 "GET /admin/jsi18n/ HTTP/1.1" 200 7684
INFO 2021-01-20 22:06:48,316 basehttp 124 "POST /admin/home/nav/add/ HTTP/1.1" 302 0
INFO 2021-01-20 22:06:52,692 basehttp 124 "GET /admin/home/nav/add/ HTTP/1.1" 200 19549
INFO 2021-01-20 22:06:52,786 basehttp 124 "GET /static/xadmin/vendor/bootstrap/css/bootstrap.css HTTP/1.1" 304 0
INFO 2021-01-20 22:06:52,799 basehttp 124 "GET /static/xadmin/css/themes/bootstrap-xadmin.css HTTP/1.1" 304 0
INFO 2021-01-20 22:06:52,803 basehttp 124 "GET /static/xadmin/vendor/font-awesome/css/font-awesome.css HTTP/1.1" 304 0
INFO 2021-01-20 22:06:52,818 basehttp 124 "GET /static/xadmin/css/xadmin.main.css HTTP/1.1" 304 0
INFO 2021-01-20 22:06:52,819 basehttp 124 "GET /static/xadmin/css/xadmin.responsive.css HTTP/1.1" 304 0
INFO 2021-01-20 22:06:52,820 basehttp 124 "GET /static/xadmin/css/xadmin.plugins.css HTTP/1.1" 304 0
INFO 2021-01-20 22:06:52,839 basehttp 124 "GET /static/xadmin/css/xadmin.form.css HTTP/1.1" 304 0
INFO 2021-01-20 22:06:52,840 basehttp 124 "GET /static/xadmin/vendor/jquery/jquery.js HTTP/1.1" 304 0
INFO 2021-01-20 22:06:52,845 basehttp 124 "GET /static/xadmin/vendor/jquery-ui/jquery.ui.widget.js HTTP/1.1" 304 0
INFO 2021-01-20 22:06:52,846 basehttp 124 "GET /static/xadmin/vendor/jquery-ui/jquery.ui.mouse.js HTTP/1.1" 304 0
INFO 2021-01-20 22:06:52,850 basehttp 124 "GET /static/xadmin/vendor/jquery-ui/jquery.ui.sortable.js HTTP/1.1" 304 0
INFO 2021-01-20 22:06:52,865 basehttp 124 "GET /static/xadmin/js/xadmin.plugin.themes.js HTTP/1.1" 304 0
INFO 2021-01-20 22:06:52,866 basehttp 124 "GET /static/xadmin/js/xadmin.responsive.js HTTP/1.1" 304 0
INFO 2021-01-20 22:06:52,868 basehttp 124 "GET /static/xadmin/vendor/jquery-ui/jquery.ui.core.js HTTP/1.1" 304 0
INFO 2021-01-20 22:06:52,870 basehttp 124 "GET /static/xadmin/js/xadmin.main.js HTTP/1.1" 304 0
INFO 2021-01-20 22:06:52,873 basehttp 124 "GET /static/xadmin/vendor/jquery-ui/jquery.ui.effect.js HTTP/1.1" 304 0
INFO 2021-01-20 22:06:52,884 basehttp 124 "GET /static/xadmin/vendor/bootstrap/js/bootstrap.js HTTP/1.1" 304 0
INFO 2021-01-20 22:06:52,884 basehttp 124 "GET /static/xadmin/js/xadmin.page.form.js HTTP/1.1" 304 0
INFO 2021-01-20 22:06:56,876 basehttp 124 "GET /admin/jsi18n/ HTTP/1.1" 200 7684
INFO 2021-01-20 22:07:24,439 basehttp 124 "POST /admin/home/nav/add/ HTTP/1.1" 302 0
INFO 2021-01-20 22:07:28,766 basehttp 124 "GET /admin/home/nav/add/ HTTP/1.1" 200 19549
INFO 2021-01-20 22:07:32,937 basehttp 124 "GET /admin/jsi18n/ HTTP/1.1" 200 7684
INFO 2021-01-20 22:08:07,802 basehttp 124 "POST /admin/home/nav/add/ HTTP/1.1" 302 0
INFO 2021-01-20 22:08:12,127 basehttp 124 "GET /admin/home/nav/add/ HTTP/1.1" 200 19550
INFO 2021-01-20 22:08:12,296 basehttp 124 "GET /static/xadmin/js/xadmin.plugin.portal.js HTTP/1.1" 304 0
INFO 2021-01-20 22:08:16,314 basehttp 124 "GET /admin/jsi18n/ HTTP/1.1" 200 7684
INFO 2021-01-20 22:08:56,707 basehttp 124 "POST /admin/home/nav/add/ HTTP/1.1" 302 0
INFO 2021-01-20 22:09:01,019 basehttp 124 "GET /admin/home/nav/add/ HTTP/1.1" 200 19550
INFO 2021-01-20 22:09:05,187 basehttp 124 "GET /admin/jsi18n/ HTTP/1.1" 200 7684
INFO 2021-01-20 22:09:30,635 basehttp 124 "POST /admin/home/nav/add/ HTTP/1.1" 302 0
INFO 2021-01-20 22:09:34,939 basehttp 124 "GET /admin/home/nav/add/ HTTP/1.1" 200 19550
INFO 2021-01-20 22:09:39,089 basehttp 124 "GET /admin/jsi18n/ HTTP/1.1" 200 7684
INFO 2021-01-20 22:09:49,457 basehttp 124 "GET /admin/home/nav/ HTTP/1.1" 200 34958
INFO 2021-01-20 22:09:49,574 basehttp 124 "GET /static/xadmin/js/xadmin.plugin.filters.js HTTP/1.1" 304 0
INFO 2021-01-20 22:09:49,575 basehttp 124 "GET /static/xadmin/js/xadmin.plugin.actions.js HTTP/1.1" 304 0
INFO 2021-01-20 22:09:49,575 basehttp 124 "GET /static/xadmin/js/xadmin.plugin.bookmark.js HTTP/1.1" 304 0
INFO 2021-01-20 22:09:49,575 basehttp 124 "GET /static/xadmin/js/xadmin.plugin.details.js HTTP/1.1" 304 0
INFO 2021-01-20 22:09:49,578 basehttp 124 "GET /static/xadmin/js/xadmin.page.list.js HTTP/1.1" 304 0
INFO 2021-01-20 22:09:53,594 basehttp 124 "GET /admin/jsi18n/ HTTP/1.1" 200 7684
INFO 2021-01-20 22:16:14,501 basehttp 124 "GET /admin/home/nav/?_cols=title.orders.is_show.link HTTP/1.1" 200 38406
INFO 2021-01-20 22:16:18,727 basehttp 124 "GET /admin/jsi18n/ HTTP/1.1" 200 7684
INFO 2021-01-20 22:16:19,286 basehttp 124 "GET /static/xadmin/vendor/font-awesome/fonts/fontawesome-webfont.woff?v=4.0.3 HTTP/1.1" 304 0
INFO 2021-01-20 22:39:15,475 basehttp 124 "GET /home/nav HTTP/1.1" 301 0
INFO 2021-01-20 22:39:19,529 basehttp 124 "GET /home/banner/ HTTP/1.1" 200 437
INFO 2021-01-20 22:39:19,583 basehttp 124 "GET /media/banner/corejava.png HTTP/1.1" 304 0
INFO 2021-01-20 22:39:19,585 basehttp 124 "GET /media/banner/03.png HTTP/1.1" 304 0
INFO 2021-01-20 22:39:19,588 basehttp 124 "GET /media/banner/02.png HTTP/1.1" 304 0
INFO 2021-01-20 22:39:19,588 basehttp 124 "GET /media/banner/01.png HTTP/1.1" 304 0
INFO 2021-01-20 22:40:07,351 basehttp 124 "GET /home/nav/ HTTP/1.1" 200 2
INFO 2021-01-20 22:40:07,358 basehttp 124 "GET /home/banner/ HTTP/1.1" 200 437
INFO 2021-01-20 22:42:55,973 basehttp 124 "GET /admin/home/nav/?_cols=title.orders.is_show.link HTTP/1.1" 200 38406
INFO 2021-01-20 22:42:56,089 basehttp 124 "GET /static/xadmin/css/themes/bootstrap-xadmin.css HTTP/1.1" 304 0
INFO 2021-01-20 22:42:56,090 basehttp 124 "GET /static/xadmin/vendor/bootstrap/css/bootstrap.css HTTP/1.1" 304 0
INFO 2021-01-20 22:42:56,111 basehttp 124 "GET /static/xadmin/vendor/font-awesome/css/font-awesome.css HTTP/1.1" 304 0
INFO 2021-01-20 22:42:56,112 basehttp 124 "GET /static/xadmin/css/xadmin.responsive.css HTTP/1.1" 304 0
INFO 2021-01-20 22:42:56,113 basehttp 124 "GET /static/xadmin/css/xadmin.main.css HTTP/1.1" 304 0
INFO 2021-01-20 22:42:56,114 basehttp 124 "GET /static/xadmin/css/xadmin.plugins.css HTTP/1.1" 304 0
INFO 2021-01-20 22:42:56,117 basehttp 124 "GET /static/xadmin/css/xadmin.form.css HTTP/1.1" 304 0
INFO 2021-01-20 22:42:56,118 basehttp 124 "GET /static/xadmin/vendor/jquery/jquery.js HTTP/1.1" 304 0
INFO 2021-01-20 22:42:56,146 basehttp 124 "GET /static/xadmin/vendor/jquery-ui/jquery.ui.core.js HTTP/1.1" 304 0
INFO 2021-01-20 22:42:56,147 basehttp 124 "GET /static/xadmin/vendor/jquery-ui/jquery.ui.widget.js HTTP/1.1" 304 0
INFO 2021-01-20 22:42:56,150 basehttp 124 "GET /static/xadmin/vendor/bootstrap/js/bootstrap.js HTTP/1.1" 304 0
INFO 2021-01-20 22:42:56,152 basehttp 124 "GET /static/xadmin/js/xadmin.main.js HTTP/1.1" 304 0
INFO 2021-01-20 22:42:56,152 basehttp 124 "GET /static/xadmin/vendor/jquery-ui/jquery.ui.mouse.js HTTP/1.1" 304 0
INFO 2021-01-20 22:42:56,153 basehttp 124 "GET /static/xadmin/vendor/jquery-ui/jquery.ui.sortable.js HTTP/1.1" 304 0
INFO 2021-01-20 22:42:56,180 basehttp 124 "GET /static/xadmin/vendor/jquery-ui/jquery.ui.effect.js HTTP/1.1" 304 0
INFO 2021-01-20 22:42:56,184 basehttp 124 "GET /static/xadmin/js/xadmin.plugin.actions.js HTTP/1.1" 304 0
INFO 2021-01-20 22:42:56,187 basehttp 124 "GET /static/xadmin/js/xadmin.plugin.filters.js HTTP/1.1" 304 0
INFO 2021-01-20 22:42:56,189 basehttp 124 "GET /static/xadmin/js/xadmin.plugin.bookmark.js HTTP/1.1" 304 0
INFO 2021-01-20 22:42:56,193 basehttp 124 "GET /static/xadmin/js/xadmin.page.list.js HTTP/1.1" 304 0
INFO 2021-01-20 22:42:56,204 basehttp 124 "GET /static/xadmin/js/xadmin.page.form.js HTTP/1.1" 304 0
INFO 2021-01-20 22:42:56,212 basehttp 124 "GET /static/xadmin/js/xadmin.responsive.js HTTP/1.1" 304 0
INFO 2021-01-20 22:42:56,220 basehttp 124 "GET /static/xadmin/js/xadmin.plugin.details.js HTTP/1.1" 304 0
INFO 2021-01-20 22:42:56,221 basehttp 124 "GET /static/xadmin/js/xadmin.plugin.themes.js HTTP/1.1" 304 0
INFO 2021-01-20 22:43:00,241 basehttp 124 "GET /admin/jsi18n/ HTTP/1.1" 200 7684
INFO 2021-01-20 22:43:00,787 basehttp 124 "GET /static/xadmin/vendor/font-awesome/fonts/fontawesome-webfont.woff?v=4.0.3 HTTP/1.1" 304 0
INFO 2021-01-20 22:44:30,743 basehttp 124 "GET /home/nav/ HTTP/1.1" 200 2
INFO 2021-01-20 22:44:30,752 basehttp 124 "GET /home/banner/ HTTP/1.1" 200 437
INFO 2021-01-20 22:46:20,714 basehttp 124 "GET /home/nav/ HTTP/1.1" 200 2
INFO 2021-01-20 22:46:20,734 basehttp 124 "GET /home/banner/ HTTP/1.1" 200 437
INFO 2021-01-20 22:47:42,063 basehttp 124 "GET /home/nav/ HTTP/1.1" 200 2
INFO 2021-01-20 22:47:42,080 basehttp 124 "GET /home/banner/ HTTP/1.1" 200 437
INFO 2021-01-20 22:47:46,098 basehttp 124 "GET /home/nav/ HTTP/1.1" 200 2
INFO 2021-01-20 22:48:53,021 basehttp 124 "GET /home/banner/ HTTP/1.1" 200 437
INFO 2021-01-20 22:48:53,030 basehttp 124 "GET /home/nav/ HTTP/1.1" 200 935
INFO 2021-01-20 22:48:57,079 basehttp 124 "GET /home/nav/ HTTP/1.1" 200 935
ERROR 2021-01-20 22:53:54,436 exception 118 Internal Server Error: /home/nav/
Traceback (most recent call last):
  File "D:\web\env\envPy\lib\site-packages\rest_framework\views.py", line 494, in dispatch
    response = handler(request, *args, **kwargs)
  File "D:\web\env\envPy\lib\site-packages\rest_framework\generics.py", line 199, in get
    return self.list(request, *args, **kwargs)
  File "D:\web\env\envPy\lib\site-packages\rest_framework\mixins.py", line 46, in list
    return Response(serializer.data)
  File "D:\web\env\envPy\lib\site-packages\rest_framework\serializers.py", line 757, in data
    ret = super().data
  File "D:\web\env\envPy\lib\site-packages\rest_framework\serializers.py", line 261, in data
    self._data = self.to_representation(self.instance)
  File "D:\web\env\envPy\lib\site-packages\rest_framework\serializers.py", line 675, in to_representation
    self.child.to_representation(item) for item in iterable
  File "D:\web\env\envPy\lib\site-packages\rest_framework\serializers.py", line 675, in <listcomp>
    self.child.to_representation(item) for item in iterable
  File "D:\web\env\envPy\lib\site-packages\rest_framework\serializers.py", line 511, in to_representation
    for field in fields:
  File "D:\web\env\envPy\lib\site-packages\rest_framework\serializers.py", line 372, in _readable_fields
    for field in self.fields.values():
  File "D:\web\env\envPy\lib\site-packages\django\utils\functional.py", line 36, in __get__
    res = instance.__dict__[self.name] = self.func(instance)
  File "D:\web\env\envPy\lib\site-packages\rest_framework\serializers.py", line 360, in fields
    for key, value in self.get_fields().items():
  File "D:\web\env\envPy\lib\site-packages\rest_framework\serializers.py", line 1047, in get_fields
    source, info, model, depth
  File "D:\web\env\envPy\lib\site-packages\rest_framework\serializers.py", line 1192, in build_field
    return self.build_unknown_field(field_name, model_class)
  File "D:\web\env\envPy\lib\site-packages\rest_framework\serializers.py", line 1309, in build_unknown_field
    (field_name, model_class.__name__)
django.core.exceptions.ImproperlyConfigured: Field name `is_size` is not valid for model `Nav`.

During handling of the above exception, another exception occurred:

Traceback (most recent call last):
  File "D:\web\env\envPy\lib\site-packages\rest_framework\settings.py", line 177, in import_from_string
    return import_string(val)
  File "D:\web\env\envPy\lib\site-packages\django\utils\module_loading.py", line 17, in import_string
    module = import_module(module_path)
  File "c:\users\86135\appdata\local\programs\python\python36\lib\importlib\__init__.py", line 126, in import_module
    return _bootstrap._gcd_import(name[level:], package, level)
  File "<frozen importlib._bootstrap>", line 994, in _gcd_import
  File "<frozen importlib._bootstrap>", line 971, in _find_and_load
  File "<frozen importlib._bootstrap>", line 941, in _find_and_load_unlocked
  File "<frozen importlib._bootstrap>", line 219, in _call_with_frames_removed
  File "<frozen importlib._bootstrap>", line 994, in _gcd_import
  File "<frozen importlib._bootstrap>", line 971, in _find_and_load
  File "<frozen importlib._bootstrap>", line 953, in _find_and_load_unlocked
ModuleNotFoundError: No module named 'utils'

During handling of the above exception, another exception occurred:

Traceback (most recent call last):
  File "D:\web\env\envPy\lib\site-packages\django\core\handlers\exception.py", line 35, in inner
    response = get_response(request)
  File "D:\web\env\envPy\lib\site-packages\django\core\handlers\base.py", line 128, in _get_response
    response = self.process_exception_by_middleware(e, request)
  File "D:\web\env\envPy\lib\site-packages\django\core\handlers\base.py", line 126, in _get_response
    response = wrapped_callback(request, *callback_args, **callback_kwargs)
  File "D:\web\env\envPy\lib\site-packages\django\views\decorators\csrf.py", line 54, in wrapped_view
    return view_func(*args, **kwargs)
  File "D:\web\env\envPy\lib\site-packages\django\views\generic\base.py", line 69, in view
    return self.dispatch(request, *args, **kwargs)
  File "D:\web\env\envPy\lib\site-packages\rest_framework\views.py", line 497, in dispatch
    response = self.handle_exception(exc)
  File "D:\web\env\envPy\lib\site-packages\rest_framework\views.py", line 451, in handle_exception
    exception_handler = self.get_exception_handler()
  File "D:\web\env\envPy\lib\site-packages\rest_framework\views.py", line 298, in get_exception_handler
    return self.settings.EXCEPTION_HANDLER
  File "D:\web\env\envPy\lib\site-packages\rest_framework\settings.py", line 220, in __getattr__
    val = perform_import(val, attr)
  File "D:\web\env\envPy\lib\site-packages\rest_framework\settings.py", line 166, in perform_import
    return import_from_string(val, setting_name)
  File "D:\web\env\envPy\lib\site-packages\rest_framework\settings.py", line 180, in import_from_string
    raise ImportError(msg)
ImportError: Could not import 'utils.exceptions.exception_handler' for API setting 'EXCEPTION_HANDLER'. ModuleNotFoundError: No module named 'utils'.
ERROR 2021-01-20 22:53:55,353 basehttp 124 "GET /home/nav/ HTTP/1.1" 500 187089
ERROR 2021-01-20 22:56:47,038 exception 118 Internal Server Error: /home/nav/
Traceback (most recent call last):
  File "D:\web\env\envPy\lib\site-packages\rest_framework\views.py", line 494, in dispatch
    response = handler(request, *args, **kwargs)
  File "D:\web\env\envPy\lib\site-packages\rest_framework\generics.py", line 199, in get
    return self.list(request, *args, **kwargs)
  File "D:\web\env\envPy\lib\site-packages\rest_framework\mixins.py", line 46, in list
    return Response(serializer.data)
  File "D:\web\env\envPy\lib\site-packages\rest_framework\serializers.py", line 757, in data
    ret = super().data
  File "D:\web\env\envPy\lib\site-packages\rest_framework\serializers.py", line 261, in data
    self._data = self.to_representation(self.instance)
  File "D:\web\env\envPy\lib\site-packages\rest_framework\serializers.py", line 675, in to_representation
    self.child.to_representation(item) for item in iterable
  File "D:\web\env\envPy\lib\site-packages\rest_framework\serializers.py", line 675, in <listcomp>
    self.child.to_representation(item) for item in iterable
  File "D:\web\env\envPy\lib\site-packages\rest_framework\serializers.py", line 511, in to_representation
    for field in fields:
  File "D:\web\env\envPy\lib\site-packages\rest_framework\serializers.py", line 372, in _readable_fields
    for field in self.fields.values():
  File "D:\web\env\envPy\lib\site-packages\django\utils\functional.py", line 36, in __get__
    res = instance.__dict__[self.name] = self.func(instance)
  File "D:\web\env\envPy\lib\site-packages\rest_framework\serializers.py", line 360, in fields
    for key, value in self.get_fields().items():
  File "D:\web\env\envPy\lib\site-packages\rest_framework\serializers.py", line 1047, in get_fields
    source, info, model, depth
  File "D:\web\env\envPy\lib\site-packages\rest_framework\serializers.py", line 1192, in build_field
    return self.build_unknown_field(field_name, model_class)
  File "D:\web\env\envPy\lib\site-packages\rest_framework\serializers.py", line 1309, in build_unknown_field
    (field_name, model_class.__name__)
django.core.exceptions.ImproperlyConfigured: Field name `is_size` is not valid for model `Nav`.

During handling of the above exception, another exception occurred:

Traceback (most recent call last):
  File "D:\web\env\envPy\lib\site-packages\rest_framework\settings.py", line 177, in import_from_string
    return import_string(val)
  File "D:\web\env\envPy\lib\site-packages\django\utils\module_loading.py", line 17, in import_string
    module = import_module(module_path)
  File "c:\users\86135\appdata\local\programs\python\python36\lib\importlib\__init__.py", line 126, in import_module
    return _bootstrap._gcd_import(name[level:], package, level)
  File "<frozen importlib._bootstrap>", line 994, in _gcd_import
  File "<frozen importlib._bootstrap>", line 971, in _find_and_load
  File "<frozen importlib._bootstrap>", line 941, in _find_and_load_unlocked
  File "<frozen importlib._bootstrap>", line 219, in _call_with_frames_removed
  File "<frozen importlib._bootstrap>", line 994, in _gcd_import
  File "<frozen importlib._bootstrap>", line 971, in _find_and_load
  File "<frozen importlib._bootstrap>", line 953, in _find_and_load_unlocked
ModuleNotFoundError: No module named 'utils'

During handling of the above exception, another exception occurred:

Traceback (most recent call last):
  File "D:\web\env\envPy\lib\site-packages\django\core\handlers\exception.py", line 35, in inner
    response = get_response(request)
  File "D:\web\env\envPy\lib\site-packages\django\core\handlers\base.py", line 128, in _get_response
    response = self.process_exception_by_middleware(e, request)
  File "D:\web\env\envPy\lib\site-packages\django\core\handlers\base.py", line 126, in _get_response
    response = wrapped_callback(request, *callback_args, **callback_kwargs)
  File "D:\web\env\envPy\lib\site-packages\django\views\decorators\csrf.py", line 54, in wrapped_view
    return view_func(*args, **kwargs)
  File "D:\web\env\envPy\lib\site-packages\django\views\generic\base.py", line 69, in view
    return self.dispatch(request, *args, **kwargs)
  File "D:\web\env\envPy\lib\site-packages\rest_framework\views.py", line 497, in dispatch
    response = self.handle_exception(exc)
  File "D:\web\env\envPy\lib\site-packages\rest_framework\views.py", line 451, in handle_exception
    exception_handler = self.get_exception_handler()
  File "D:\web\env\envPy\lib\site-packages\rest_framework\views.py", line 298, in get_exception_handler
    return self.settings.EXCEPTION_HANDLER
  File "D:\web\env\envPy\lib\site-packages\rest_framework\settings.py", line 220, in __getattr__
    val = perform_import(val, attr)
  File "D:\web\env\envPy\lib\site-packages\rest_framework\settings.py", line 166, in perform_import
    return import_from_string(val, setting_name)
  File "D:\web\env\envPy\lib\site-packages\rest_framework\settings.py", line 180, in import_from_string
    raise ImportError(msg)
ImportError: Could not import 'utils.exceptions.exception_handler' for API setting 'EXCEPTION_HANDLER'. ModuleNotFoundError: No module named 'utils'.
ERROR 2021-01-20 22:56:47,296 basehttp 124 "GET /home/nav/ HTTP/1.1" 500 187088
ERROR 2021-01-20 23:02:21,269 exception 118 Internal Server Error: /home/nav/
Traceback (most recent call last):
  File "D:\web\env\envPy\lib\site-packages\rest_framework\views.py", line 494, in dispatch
    response = handler(request, *args, **kwargs)
  File "D:\web\env\envPy\lib\site-packages\rest_framework\generics.py", line 199, in get
    return self.list(request, *args, **kwargs)
  File "D:\web\env\envPy\lib\site-packages\rest_framework\mixins.py", line 46, in list
    return Response(serializer.data)
  File "D:\web\env\envPy\lib\site-packages\rest_framework\serializers.py", line 757, in data
    ret = super().data
  File "D:\web\env\envPy\lib\site-packages\rest_framework\serializers.py", line 261, in data
    self._data = self.to_representation(self.instance)
  File "D:\web\env\envPy\lib\site-packages\rest_framework\serializers.py", line 675, in to_representation
    self.child.to_representation(item) for item in iterable
  File "D:\web\env\envPy\lib\site-packages\rest_framework\serializers.py", line 675, in <listcomp>
    self.child.to_representation(item) for item in iterable
  File "D:\web\env\envPy\lib\site-packages\rest_framework\serializers.py", line 511, in to_representation
    for field in fields:
  File "D:\web\env\envPy\lib\site-packages\rest_framework\serializers.py", line 372, in _readable_fields
    for field in self.fields.values():
  File "D:\web\env\envPy\lib\site-packages\django\utils\functional.py", line 36, in __get__
    res = instance.__dict__[self.name] = self.func(instance)
  File "D:\web\env\envPy\lib\site-packages\rest_framework\serializers.py", line 360, in fields
    for key, value in self.get_fields().items():
  File "D:\web\env\envPy\lib\site-packages\rest_framework\serializers.py", line 1047, in get_fields
    source, info, model, depth
  File "D:\web\env\envPy\lib\site-packages\rest_framework\serializers.py", line 1192, in build_field
    return self.build_unknown_field(field_name, model_class)
  File "D:\web\env\envPy\lib\site-packages\rest_framework\serializers.py", line 1309, in build_unknown_field
    (field_name, model_class.__name__)
django.core.exceptions.ImproperlyConfigured: Field name `is_size` is not valid for model `Nav`.

During handling of the above exception, another exception occurred:

Traceback (most recent call last):
  File "D:\web\env\envPy\lib\site-packages\rest_framework\settings.py", line 177, in import_from_string
    return import_string(val)
  File "D:\web\env\envPy\lib\site-packages\django\utils\module_loading.py", line 17, in import_string
    module = import_module(module_path)
  File "c:\users\86135\appdata\local\programs\python\python36\lib\importlib\__init__.py", line 126, in import_module
    return _bootstrap._gcd_import(name[level:], package, level)
  File "<frozen importlib._bootstrap>", line 994, in _gcd_import
  File "<frozen importlib._bootstrap>", line 971, in _find_and_load
  File "<frozen importlib._bootstrap>", line 941, in _find_and_load_unlocked
  File "<frozen importlib._bootstrap>", line 219, in _call_with_frames_removed
  File "<frozen importlib._bootstrap>", line 994, in _gcd_import
  File "<frozen importlib._bootstrap>", line 971, in _find_and_load
  File "<frozen importlib._bootstrap>", line 953, in _find_and_load_unlocked
ModuleNotFoundError: No module named 'utils'

During handling of the above exception, another exception occurred:

Traceback (most recent call last):
  File "D:\web\env\envPy\lib\site-packages\django\core\handlers\exception.py", line 35, in inner
    response = get_response(request)
  File "D:\web\env\envPy\lib\site-packages\django\core\handlers\base.py", line 128, in _get_response
    response = self.process_exception_by_middleware(e, request)
  File "D:\web\env\envPy\lib\site-packages\django\core\handlers\base.py", line 126, in _get_response
    response = wrapped_callback(request, *callback_args, **callback_kwargs)
  File "D:\web\env\envPy\lib\site-packages\django\views\decorators\csrf.py", line 54, in wrapped_view
    return view_func(*args, **kwargs)
  File "D:\web\env\envPy\lib\site-packages\django\views\generic\base.py", line 69, in view
    return self.dispatch(request, *args, **kwargs)
  File "D:\web\env\envPy\lib\site-packages\rest_framework\views.py", line 497, in dispatch
    response = self.handle_exception(exc)
  File "D:\web\env\envPy\lib\site-packages\rest_framework\views.py", line 451, in handle_exception
    exception_handler = self.get_exception_handler()
  File "D:\web\env\envPy\lib\site-packages\rest_framework\views.py", line 298, in get_exception_handler
    return self.settings.EXCEPTION_HANDLER
  File "D:\web\env\envPy\lib\site-packages\rest_framework\settings.py", line 220, in __getattr__
    val = perform_import(val, attr)
  File "D:\web\env\envPy\lib\site-packages\rest_framework\settings.py", line 166, in perform_import
    return import_from_string(val, setting_name)
  File "D:\web\env\envPy\lib\site-packages\rest_framework\settings.py", line 180, in import_from_string
    raise ImportError(msg)
ImportError: Could not import 'utils.exceptions.exception_handler' for API setting 'EXCEPTION_HANDLER'. ModuleNotFoundError: No module named 'utils'.
ERROR 2021-01-20 23:02:21,555 basehttp 124 "GET /home/nav/ HTTP/1.1" 500 187089
ERROR 2021-01-20 23:02:21,563 basehttp 124 "GET /home/nav/ HTTP/1.1" 500 59
INFO 2021-01-20 23:02:26,365 basehttp 124 "GET /home/banner/ HTTP/1.1" 200 437
ERROR 2021-01-20 23:02:26,376 exception 118 Internal Server Error: /home/nav/
Traceback (most recent call last):
  File "D:\web\env\envPy\lib\site-packages\rest_framework\views.py", line 494, in dispatch
    response = handler(request, *args, **kwargs)
  File "D:\web\env\envPy\lib\site-packages\rest_framework\generics.py", line 199, in get
    return self.list(request, *args, **kwargs)
  File "D:\web\env\envPy\lib\site-packages\rest_framework\mixins.py", line 46, in list
    return Response(serializer.data)
  File "D:\web\env\envPy\lib\site-packages\rest_framework\serializers.py", line 757, in data
    ret = super().data
  File "D:\web\env\envPy\lib\site-packages\rest_framework\serializers.py", line 261, in data
    self._data = self.to_representation(self.instance)
  File "D:\web\env\envPy\lib\site-packages\rest_framework\serializers.py", line 675, in to_representation
    self.child.to_representation(item) for item in iterable
  File "D:\web\env\envPy\lib\site-packages\rest_framework\serializers.py", line 675, in <listcomp>
    self.child.to_representation(item) for item in iterable
  File "D:\web\env\envPy\lib\site-packages\rest_framework\serializers.py", line 511, in to_representation
    for field in fields:
  File "D:\web\env\envPy\lib\site-packages\rest_framework\serializers.py", line 372, in _readable_fields
    for field in self.fields.values():
  File "D:\web\env\envPy\lib\site-packages\django\utils\functional.py", line 36, in __get__
    res = instance.__dict__[self.name] = self.func(instance)
  File "D:\web\env\envPy\lib\site-packages\rest_framework\serializers.py", line 360, in fields
    for key, value in self.get_fields().items():
  File "D:\web\env\envPy\lib\site-packages\rest_framework\serializers.py", line 1047, in get_fields
    source, info, model, depth
  File "D:\web\env\envPy\lib\site-packages\rest_framework\serializers.py", line 1192, in build_field
    return self.build_unknown_field(field_name, model_class)
  File "D:\web\env\envPy\lib\site-packages\rest_framework\serializers.py", line 1309, in build_unknown_field
    (field_name, model_class.__name__)
django.core.exceptions.ImproperlyConfigured: Field name `is_size` is not valid for model `Nav`.

During handling of the above exception, another exception occurred:

Traceback (most recent call last):
  File "D:\web\env\envPy\lib\site-packages\rest_framework\settings.py", line 177, in import_from_string
    return import_string(val)
  File "D:\web\env\envPy\lib\site-packages\django\utils\module_loading.py", line 17, in import_string
    module = import_module(module_path)
  File "c:\users\86135\appdata\local\programs\python\python36\lib\importlib\__init__.py", line 126, in import_module
    return _bootstrap._gcd_import(name[level:], package, level)
  File "<frozen importlib._bootstrap>", line 994, in _gcd_import
  File "<frozen importlib._bootstrap>", line 971, in _find_and_load
  File "<frozen importlib._bootstrap>", line 941, in _find_and_load_unlocked
  File "<frozen importlib._bootstrap>", line 219, in _call_with_frames_removed
  File "<frozen importlib._bootstrap>", line 994, in _gcd_import
  File "<frozen importlib._bootstrap>", line 971, in _find_and_load
  File "<frozen importlib._bootstrap>", line 953, in _find_and_load_unlocked
ModuleNotFoundError: No module named 'utils'

During handling of the above exception, another exception occurred:

Traceback (most recent call last):
  File "D:\web\env\envPy\lib\site-packages\django\core\handlers\exception.py", line 35, in inner
    response = get_response(request)
  File "D:\web\env\envPy\lib\site-packages\django\core\handlers\base.py", line 128, in _get_response
    response = self.process_exception_by_middleware(e, request)
  File "D:\web\env\envPy\lib\site-packages\django\core\handlers\base.py", line 126, in _get_response
    response = wrapped_callback(request, *callback_args, **callback_kwargs)
  File "D:\web\env\envPy\lib\site-packages\django\views\decorators\csrf.py", line 54, in wrapped_view
    return view_func(*args, **kwargs)
  File "D:\web\env\envPy\lib\site-packages\django\views\generic\base.py", line 69, in view
    return self.dispatch(request, *args, **kwargs)
  File "D:\web\env\envPy\lib\site-packages\rest_framework\views.py", line 497, in dispatch
    response = self.handle_exception(exc)
  File "D:\web\env\envPy\lib\site-packages\rest_framework\views.py", line 451, in handle_exception
    exception_handler = self.get_exception_handler()
  File "D:\web\env\envPy\lib\site-packages\rest_framework\views.py", line 298, in get_exception_handler
    return self.settings.EXCEPTION_HANDLER
  File "D:\web\env\envPy\lib\site-packages\rest_framework\settings.py", line 220, in __getattr__
    val = perform_import(val, attr)
  File "D:\web\env\envPy\lib\site-packages\rest_framework\settings.py", line 166, in perform_import
    return import_from_string(val, setting_name)
  File "D:\web\env\envPy\lib\site-packages\rest_framework\settings.py", line 180, in import_from_string
    raise ImportError(msg)
ImportError: Could not import 'utils.exceptions.exception_handler' for API setting 'EXCEPTION_HANDLER'. ModuleNotFoundError: No module named 'utils'.
INFO 2021-01-20 23:02:26,401 basehttp 124 "GET /media/banner/corejava.png HTTP/1.1" 304 0
INFO 2021-01-20 23:02:26,407 basehttp 124 "GET /media/banner/03.png HTTP/1.1" 304 0
INFO 2021-01-20 23:02:26,436 basehttp 124 "GET /media/banner/02.png HTTP/1.1" 304 0
INFO 2021-01-20 23:02:26,443 basehttp 124 "GET /media/banner/01.png HTTP/1.1" 304 0
ERROR 2021-01-20 23:02:26,619 basehttp 124 "GET /home/nav/ HTTP/1.1" 500 187089
ERROR 2021-01-20 23:02:30,662 exception 118 Internal Server Error: /home/nav/
Traceback (most recent call last):
  File "D:\web\env\envPy\lib\site-packages\rest_framework\views.py", line 494, in dispatch
    response = handler(request, *args, **kwargs)
  File "D:\web\env\envPy\lib\site-packages\rest_framework\generics.py", line 199, in get
    return self.list(request, *args, **kwargs)
  File "D:\web\env\envPy\lib\site-packages\rest_framework\mixins.py", line 46, in list
    return Response(serializer.data)
  File "D:\web\env\envPy\lib\site-packages\rest_framework\serializers.py", line 757, in data
    ret = super().data
  File "D:\web\env\envPy\lib\site-packages\rest_framework\serializers.py", line 261, in data
    self._data = self.to_representation(self.instance)
  File "D:\web\env\envPy\lib\site-packages\rest_framework\serializers.py", line 675, in to_representation
    self.child.to_representation(item) for item in iterable
  File "D:\web\env\envPy\lib\site-packages\rest_framework\serializers.py", line 675, in <listcomp>
    self.child.to_representation(item) for item in iterable
  File "D:\web\env\envPy\lib\site-packages\rest_framework\serializers.py", line 511, in to_representation
    for field in fields:
  File "D:\web\env\envPy\lib\site-packages\rest_framework\serializers.py", line 372, in _readable_fields
    for field in self.fields.values():
  File "D:\web\env\envPy\lib\site-packages\django\utils\functional.py", line 36, in __get__
    res = instance.__dict__[self.name] = self.func(instance)
  File "D:\web\env\envPy\lib\site-packages\rest_framework\serializers.py", line 360, in fields
    for key, value in self.get_fields().items():
  File "D:\web\env\envPy\lib\site-packages\rest_framework\serializers.py", line 1047, in get_fields
    source, info, model, depth
  File "D:\web\env\envPy\lib\site-packages\rest_framework\serializers.py", line 1192, in build_field
    return self.build_unknown_field(field_name, model_class)
  File "D:\web\env\envPy\lib\site-packages\rest_framework\serializers.py", line 1309, in build_unknown_field
    (field_name, model_class.__name__)
django.core.exceptions.ImproperlyConfigured: Field name `is_size` is not valid for model `Nav`.

During handling of the above exception, another exception occurred:

Traceback (most recent call last):
  File "D:\web\env\envPy\lib\site-packages\rest_framework\settings.py", line 177, in import_from_string
    return import_string(val)
  File "D:\web\env\envPy\lib\site-packages\django\utils\module_loading.py", line 17, in import_string
    module = import_module(module_path)
  File "c:\users\86135\appdata\local\programs\python\python36\lib\importlib\__init__.py", line 126, in import_module
    return _bootstrap._gcd_import(name[level:], package, level)
  File "<frozen importlib._bootstrap>", line 994, in _gcd_import
  File "<frozen importlib._bootstrap>", line 971, in _find_and_load
  File "<frozen importlib._bootstrap>", line 941, in _find_and_load_unlocked
  File "<frozen importlib._bootstrap>", line 219, in _call_with_frames_removed
  File "<frozen importlib._bootstrap>", line 994, in _gcd_import
  File "<frozen importlib._bootstrap>", line 971, in _find_and_load
  File "<frozen importlib._bootstrap>", line 953, in _find_and_load_unlocked
ModuleNotFoundError: No module named 'utils'

During handling of the above exception, another exception occurred:

Traceback (most recent call last):
  File "D:\web\env\envPy\lib\site-packages\django\core\handlers\exception.py", line 35, in inner
    response = get_response(request)
  File "D:\web\env\envPy\lib\site-packages\django\core\handlers\base.py", line 128, in _get_response
    response = self.process_exception_by_middleware(e, request)
  File "D:\web\env\envPy\lib\site-packages\django\core\handlers\base.py", line 126, in _get_response
    response = wrapped_callback(request, *callback_args, **callback_kwargs)
  File "D:\web\env\envPy\lib\site-packages\django\views\decorators\csrf.py", line 54, in wrapped_view
    return view_func(*args, **kwargs)
  File "D:\web\env\envPy\lib\site-packages\django\views\generic\base.py", line 69, in view
    return self.dispatch(request, *args, **kwargs)
  File "D:\web\env\envPy\lib\site-packages\rest_framework\views.py", line 497, in dispatch
    response = self.handle_exception(exc)
  File "D:\web\env\envPy\lib\site-packages\rest_framework\views.py", line 451, in handle_exception
    exception_handler = self.get_exception_handler()
  File "D:\web\env\envPy\lib\site-packages\rest_framework\views.py", line 298, in get_exception_handler
    return self.settings.EXCEPTION_HANDLER
  File "D:\web\env\envPy\lib\site-packages\rest_framework\settings.py", line 220, in __getattr__
    val = perform_import(val, attr)
  File "D:\web\env\envPy\lib\site-packages\rest_framework\settings.py", line 166, in perform_import
    return import_from_string(val, setting_name)
  File "D:\web\env\envPy\lib\site-packages\rest_framework\settings.py", line 180, in import_from_string
    raise ImportError(msg)
ImportError: Could not import 'utils.exceptions.exception_handler' for API setting 'EXCEPTION_HANDLER'. ModuleNotFoundError: No module named 'utils'.
ERROR 2021-01-20 23:02:30,857 basehttp 124 "GET /home/nav/ HTTP/1.1" 500 187089
INFO 2021-01-20 23:03:55,103 basehttp 124 "GET /home/nav/ HTTP/1.1" 200 1125
INFO 2021-01-20 23:03:55,117 basehttp 124 "GET /home/banner/ HTTP/1.1" 200 437
INFO 2021-01-20 23:03:59,143 basehttp 124 "GET /home/nav/ HTTP/1.1" 200 1125
WARNING 2021-01-20 23:06:57,832 base 93 Not Found: /home/nav/
WARNING 2021-01-20 23:06:57,834 basehttp 124 "GET /home/nav/ HTTP/1.1" 404 2567
INFO 2021-01-20 23:07:01,804 basehttp 124 "GET /home/banner/ HTTP/1.1" 200 437
INFO 2021-01-20 23:07:01,813 basehttp 124 "GET /home/header/ HTTP/1.1" 200 599
INFO 2021-01-20 23:09:11,539 basehttp 124 "GET /home/banner/ HTTP/1.1" 200 437
INFO 2021-01-20 23:09:11,601 basehttp 124 "GET /home/header/ HTTP/1.1" 200 599
INFO 2021-01-20 23:09:11,607 basehttp 124 "GET /home/footer/ HTTP/1.1" 200 527
INFO 2021-01-20 23:09:45,337 basehttp 124 "GET /home/header/ HTTP/1.1" 200 599
INFO 2021-01-20 23:09:45,393 basehttp 124 "GET /home/footer/ HTTP/1.1" 200 527
INFO 2021-01-20 23:09:45,402 basehttp 124 "GET /home/banner/ HTTP/1.1" 200 437
INFO 2021-01-20 23:11:03,940 basehttp 124 "GET /home/banner/ HTTP/1.1" 200 437
INFO 2021-01-20 23:11:03,952 basehttp 124 "GET /home/header/ HTTP/1.1" 200 599
INFO 2021-01-20 23:11:03,965 basehttp 124 "GET /home/footer/ HTTP/1.1" 200 527
INFO 2021-01-20 23:13:41,323 basehttp 124 "GET /home/footer/ HTTP/1.1" 200 527
INFO 2021-01-20 23:13:41,353 basehttp 124 "GET /home/header/ HTTP/1.1" 200 599
INFO 2021-01-20 23:13:41,354 basehttp 124 "GET /home/banner/ HTTP/1.1" 200 437
INFO 2021-01-20 23:14:21,277 basehttp 124 "GET /home/header/ HTTP/1.1" 200 599
INFO 2021-01-20 23:14:21,316 basehttp 124 "GET /home/banner/ HTTP/1.1" 200 437
INFO 2021-01-20 23:14:21,326 basehttp 124 "GET /home/footer/ HTTP/1.1" 200 527
INFO 2021-01-20 23:17:16,202 basehttp 124 "GET /home/footer/ HTTP/1.1" 200 527
ERROR 2021-01-20 23:17:16,212 basehttp 124 "GET /home/footer/ HTTP/1.1" 500 59
INFO 2021-01-20 23:17:17,706 basehttp 124 "GET /home/header/ HTTP/1.1" 200 599
INFO 2021-01-20 23:17:17,721 basehttp 124 "GET /home/footer/ HTTP/1.1" 200 527
INFO 2021-01-20 23:17:17,790 basehttp 124 "GET /home/banner/ HTTP/1.1" 200 437
INFO 2021-01-20 23:17:17,844 basehttp 124 "GET /media/banner/corejava.png HTTP/1.1" 304 0
INFO 2021-01-20 23:17:17,849 basehttp 124 "GET /media/banner/03.png HTTP/1.1" 304 0
INFO 2021-01-20 23:17:17,851 basehttp 124 "GET /media/banner/02.png HTTP/1.1" 304 0
INFO 2021-01-20 23:17:17,852 basehttp 124 "GET /media/banner/01.png HTTP/1.1" 304 0
INFO 2021-01-20 23:27:40,360 basehttp 124 "GET /home/footer/ HTTP/1.1" 200 527
INFO 2021-01-20 23:30:22,889 basehttp 124 "GET /home/header/ HTTP/1.1" 200 599
INFO 2021-01-20 23:35:38,361 basehttp 124 "GET /home/footer/ HTTP/1.1" 200 527
INFO 2021-01-20 23:35:38,361 basehttp 124 "GET /home/banner/ HTTP/1.1" 200 437
INFO 2021-01-20 23:35:38,375 basehttp 124 "GET /home/header/ HTTP/1.1" 200 599
INFO 2021-01-20 23:35:38,483 basehttp 124 "GET /media/banner/corejava.png HTTP/1.1" 304 0
INFO 2021-01-20 23:35:38,488 basehttp 124 "GET /media/banner/03.png HTTP/1.1" 304 0
INFO 2021-01-20 23:35:38,492 basehttp 124 "GET /media/banner/02.png HTTP/1.1" 304 0
INFO 2021-01-20 23:35:38,494 basehttp 124 "GET /media/banner/01.png HTTP/1.1" 304 0
INFO 2021-01-20 23:39:54,489 basehttp 124 "GET /home/header/ HTTP/1.1" 200 599
INFO 2021-01-20 23:39:54,502 basehttp 124 "GET /home/banner/ HTTP/1.1" 200 437
INFO 2021-01-20 23:39:54,509 basehttp 124 "GET /home/footer/ HTTP/1.1" 200 527
INFO 2021-01-20 23:45:50,609 basehttp 124 "GET /home/header/ HTTP/1.1" 200 599
INFO 2021-01-20 23:45:50,675 basehttp 124 "GET /home/banner/ HTTP/1.1" 200 437
INFO 2021-01-20 23:45:50,683 basehttp 124 "GET /home/footer/ HTTP/1.1" 200 527
INFO 2021-01-20 23:47:07,862 basehttp 124 "GET /home/banner/ HTTP/1.1" 200 437
INFO 2021-01-20 23:47:07,929 basehttp 124 "GET /home/footer/ HTTP/1.1" 200 527
INFO 2021-01-20 23:47:07,929 basehttp 124 "GET /home/header/ HTTP/1.1" 200 599
INFO 2021-01-20 23:53:57,420 basehttp 124 "GET /home/header/ HTTP/1.1" 200 599
INFO 2021-01-20 23:53:57,429 basehttp 124 "GET /home/banner/ HTTP/1.1" 200 437
INFO 2021-01-20 23:53:57,435 basehttp 124 "GET /home/footer/ HTTP/1.1" 200 527
INFO 2021-01-20 23:53:57,555 basehttp 124 "GET /media/banner/03.png HTTP/1.1" 304 0
INFO 2021-01-20 23:53:57,559 basehttp 124 "GET /media/banner/corejava.png HTTP/1.1" 304 0
INFO 2021-01-20 23:53:57,559 basehttp 124 "GET /media/banner/02.png HTTP/1.1" 304 0
INFO 2021-01-20 23:53:57,572 basehttp 124 "GET /media/banner/01.png HTTP/1.1" 304 0
INFO 2021-01-20 23:55:53,035 basehttp 124 "GET /admin/home/nav/?_cols=title.orders.is_show.link HTTP/1.1" 200 38406
INFO 2021-01-20 23:55:53,293 basehttp 124 "GET /static/xadmin/vendor/bootstrap/css/bootstrap.css HTTP/1.1" 304 0
INFO 2021-01-20 23:55:53,313 basehttp 124 "GET /static/xadmin/css/themes/bootstrap-xadmin.css HTTP/1.1" 304 0
INFO 2021-01-20 23:55:53,325 basehttp 124 "GET /static/xadmin/css/xadmin.main.css HTTP/1.1" 304 0
INFO 2021-01-20 23:55:53,325 basehttp 124 "GET /static/xadmin/vendor/font-awesome/css/font-awesome.css HTTP/1.1" 304 0
INFO 2021-01-20 23:55:53,334 basehttp 124 "GET /static/xadmin/css/xadmin.plugins.css HTTP/1.1" 304 0
INFO 2021-01-20 23:55:53,335 basehttp 124 "GET /static/xadmin/css/xadmin.responsive.css HTTP/1.1" 304 0
INFO 2021-01-20 23:55:53,338 basehttp 124 "GET /static/xadmin/css/xadmin.form.css HTTP/1.1" 304 0
INFO 2021-01-20 23:55:53,339 basehttp 124 "GET /static/xadmin/vendor/jquery/jquery.js HTTP/1.1" 304 0
INFO 2021-01-20 23:55:53,351 basehttp 124 "GET /static/xadmin/vendor/jquery-ui/jquery.ui.widget.js HTTP/1.1" 304 0
INFO 2021-01-20 23:55:53,352 basehttp 124 "GET /static/xadmin/vendor/jquery-ui/jquery.ui.mouse.js HTTP/1.1" 304 0
INFO 2021-01-20 23:55:53,360 basehttp 124 "GET /static/xadmin/vendor/bootstrap/js/bootstrap.js HTTP/1.1" 304 0
INFO 2021-01-20 23:55:53,361 basehttp 124 "GET /static/xadmin/vendor/jquery-ui/jquery.ui.sortable.js HTTP/1.1" 304 0
INFO 2021-01-20 23:55:53,366 basehttp 124 "GET /static/xadmin/js/xadmin.responsive.js HTTP/1.1" 304 0
INFO 2021-01-20 23:55:53,368 basehttp 124 "GET /static/xadmin/js/xadmin.main.js HTTP/1.1" 304 0
INFO 2021-01-20 23:55:53,376 basehttp 124 "GET /static/xadmin/js/xadmin.plugin.bookmark.js HTTP/1.1" 304 0
INFO 2021-01-20 23:55:53,380 basehttp 124 "GET /static/xadmin/js/xadmin.plugin.details.js HTTP/1.1" 304 0
INFO 2021-01-20 23:55:53,387 basehttp 124 "GET /static/xadmin/js/xadmin.plugin.actions.js HTTP/1.1" 304 0
INFO 2021-01-20 23:55:53,396 basehttp 124 "GET /static/xadmin/js/xadmin.page.form.js HTTP/1.1" 304 0
INFO 2021-01-20 23:55:53,403 basehttp 124 "GET /static/xadmin/vendor/jquery-ui/jquery.ui.core.js HTTP/1.1" 304 0
INFO 2021-01-20 23:55:53,406 basehttp 124 "GET /static/xadmin/vendor/jquery-ui/jquery.ui.effect.js HTTP/1.1" 304 0
INFO 2021-01-20 23:55:53,412 basehttp 124 "GET /static/xadmin/js/xadmin.plugin.filters.js HTTP/1.1" 304 0
INFO 2021-01-20 23:55:53,416 basehttp 124 "GET /static/xadmin/js/xadmin.plugin.themes.js HTTP/1.1" 304 0
INFO 2021-01-20 23:55:53,426 basehttp 124 "GET /static/xadmin/js/xadmin.page.list.js HTTP/1.1" 304 0
INFO 2021-01-20 23:55:57,439 basehttp 124 "GET /admin/jsi18n/ HTTP/1.1" 200 7684
INFO 2021-01-20 23:55:58,091 basehttp 124 "GET /static/xadmin/vendor/font-awesome/fonts/fontawesome-webfont.woff?v=4.0.3 HTTP/1.1" 304 0
INFO 2021-01-20 23:56:44,110 basehttp 124 "GET /admin/home/nav/12/update/ HTTP/1.1" 200 19525
INFO 2021-01-20 23:56:44,203 basehttp 124 "GET /static/xadmin/vendor/select2/select2.css HTTP/1.1" 304 0
INFO 2021-01-20 23:56:44,247 basehttp 124 "GET /static/xadmin/vendor/selectize/selectize.css HTTP/1.1" 304 0
INFO 2021-01-20 23:56:44,252 basehttp 124 "GET /static/xadmin/vendor/selectize/selectize.bootstrap3.css HTTP/1.1" 304 0
INFO 2021-01-20 23:56:44,255 basehttp 124 "GET /static/xadmin/js/xadmin.plugin.portal.js HTTP/1.1" 304 0
INFO 2021-01-20 23:56:44,262 basehttp 124 "GET /static/xadmin/vendor/select2/select2.js HTTP/1.1" 304 0
INFO 2021-01-20 23:56:44,261 basehttp 124 "GET /static/xadmin/vendor/selectize/selectize.js HTTP/1.1" 304 0
INFO 2021-01-20 23:56:44,271 basehttp 124 "GET /static/xadmin/js/xadmin.widget.select.js HTTP/1.1" 304 0
INFO 2021-01-20 23:56:44,285 basehttp 124 "GET /static/xadmin/vendor/select2/select2_locale_zh-hans.js HTTP/1.1" 304 0
INFO 2021-01-20 23:56:48,267 basehttp 124 "GET /admin/jsi18n/ HTTP/1.1" 200 7684
INFO 2021-01-20 23:57:52,698 basehttp 124 "POST /admin/home/nav/12/update/ HTTP/1.1" 302 0
INFO 2021-01-20 23:57:57,060 basehttp 124 "GET /admin/home/nav/ HTTP/1.1" 200 35193
INFO 2021-01-20 23:58:01,170 basehttp 124 "GET /admin/jsi18n/ HTTP/1.1" 200 7684
INFO 2021-01-20 23:58:18,323 basehttp 124 "GET /home/header/ HTTP/1.1" 200 599
INFO 2021-01-20 23:58:18,342 basehttp 124 "GET /home/footer/ HTTP/1.1" 200 508
INFO 2021-01-20 23:58:18,350 basehttp 124 "GET /home/banner/ HTTP/1.1" 200 437
INFO 2021-01-20 23:59:07,857 basehttp 124 "GET /home/header/ HTTP/1.1" 200 599
INFO 2021-01-20 23:59:07,865 basehttp 124 "GET /home/banner/ HTTP/1.1" 200 437
INFO 2021-01-20 23:59:07,877 basehttp 124 "GET /home/footer/ HTTP/1.1" 200 508
INFO 2021-01-21 00:00:55,414 basehttp 124 "GET /home/footer/ HTTP/1.1" 200 508
INFO 2021-01-21 00:01:02,465 basehttp 124 "GET /home/header/ HTTP/1.1" 200 599
INFO 2021-01-21 00:01:02,481 basehttp 124 "GET /home/banner/ HTTP/1.1" 200 437
INFO 2021-01-21 00:01:02,525 basehttp 124 "GET /home/footer/ HTTP/1.1" 200 508
INFO 2021-01-21 00:04:28,191 basehttp 124 "GET /home/header/ HTTP/1.1" 200 599
INFO 2021-01-21 00:06:05,923 basehttp 124 "GET /home/header/ HTTP/1.1" 200 599
INFO 2021-01-21 00:06:05,930 basehttp 124 "GET /home/footer/ HTTP/1.1" 200 508
INFO 2021-01-21 00:06:05,943 basehttp 124 "GET /home/banner/ HTTP/1.1" 200 437
INFO 2021-01-21 00:11:40,671 basehttp 124 "GET /home/header/ HTTP/1.1" 200 599
INFO 2021-01-21 00:11:40,697 basehttp 124 "GET /home/footer/ HTTP/1.1" 200 508
INFO 2021-01-21 00:11:40,722 basehttp 124 "GET /home/banner/ HTTP/1.1" 200 437
INFO 2021-01-21 00:12:19,794 basehttp 124 "GET /admin/home/nav/6/update/ HTTP/1.1" 200 19573
ERROR 2021-01-21 00:12:19,797 basehttp 124 "GET /admin/home/nav/6/update/ HTTP/1.1" 500 59
INFO 2021-01-21 00:12:21,243 basehttp 124 "GET /admin/home/nav/6/update/ HTTP/1.1" 200 19573
INFO 2021-01-21 00:12:25,361 basehttp 124 "GET /admin/jsi18n/ HTTP/1.1" 200 7684
INFO 2021-01-21 00:12:45,498 basehttp 124 "POST /admin/home/nav/6/update/ HTTP/1.1" 302 0
INFO 2021-01-21 00:12:49,837 basehttp 124 "GET /admin/home/nav/ HTTP/1.1" 200 35202
INFO 2021-01-21 00:12:54,032 basehttp 124 "GET /admin/jsi18n/ HTTP/1.1" 200 7684
INFO 2021-01-21 00:13:10,732 basehttp 124 "GET /home/banner/ HTTP/1.1" 200 437
INFO 2021-01-21 00:13:10,794 basehttp 124 "GET /home/header/ HTTP/1.1" 200 565
INFO 2021-01-21 00:13:10,795 basehttp 124 "GET /home/footer/ HTTP/1.1" 200 508
INFO 2021-01-21 00:13:10,890 basehttp 124 "GET /media/banner/corejava.png HTTP/1.1" 304 0
INFO 2021-01-21 00:13:10,934 basehttp 124 "GET /media/banner/03.png HTTP/1.1" 304 0
INFO 2021-01-21 00:13:10,981 basehttp 124 "GET /media/banner/02.png HTTP/1.1" 304 0
INFO 2021-01-21 00:13:10,984 basehttp 124 "GET /media/banner/01.png HTTP/1.1" 304 0
INFO 2021-01-21 00:15:09,604 basehttp 124 "GET /home/header/ HTTP/1.1" 200 565
INFO 2021-01-21 00:32:35,590 basehttp 124 "GET /home/footer/ HTTP/1.1" 200 508
INFO 2021-01-21 00:32:35,595 basehttp 124 "GET /home/banner/ HTTP/1.1" 200 437
INFO 2021-01-21 00:32:35,596 basehttp 124 "GET /home/header/ HTTP/1.1" 200 565
INFO 2021-01-21 00:32:35,674 basehttp 124 "GET /media/banner/corejava.png HTTP/1.1" 304 0
INFO 2021-01-21 00:32:35,675 basehttp 124 "GET /media/banner/03.png HTTP/1.1" 304 0
INFO 2021-01-21 00:32:35,676 basehttp 124 "GET /media/banner/02.png HTTP/1.1" 304 0
INFO 2021-01-21 00:32:35,678 basehttp 124 "GET /media/banner/01.png HTTP/1.1" 304 0
INFO 2021-01-21 00:33:58,979 basehttp 124 "GET /admin/home/nav/3/update/ HTTP/1.1" 200 19525
INFO 2021-01-21 00:33:59,065 basehttp 124 "GET /static/xadmin/vendor/bootstrap/css/bootstrap.css HTTP/1.1" 304 0
INFO 2021-01-21 00:33:59,077 basehttp 124 "GET /static/xadmin/css/themes/bootstrap-xadmin.css HTTP/1.1" 304 0
INFO 2021-01-21 00:33:59,078 basehttp 124 "GET /static/xadmin/vendor/font-awesome/css/font-awesome.css HTTP/1.1" 304 0
INFO 2021-01-21 00:33:59,091 basehttp 124 "GET /static/xadmin/css/xadmin.main.css HTTP/1.1" 304 0
INFO 2021-01-21 00:33:59,110 basehttp 124 "GET /static/xadmin/css/xadmin.plugins.css HTTP/1.1" 304 0
INFO 2021-01-21 00:33:59,115 basehttp 124 "GET /static/xadmin/css/xadmin.responsive.css HTTP/1.1" 304 0
INFO 2021-01-21 00:33:59,117 basehttp 124 "GET /static/xadmin/vendor/select2/select2.css HTTP/1.1" 304 0
INFO 2021-01-21 00:33:59,122 basehttp 124 "GET /static/xadmin/vendor/selectize/selectize.css HTTP/1.1" 304 0
INFO 2021-01-21 00:33:59,123 basehttp 124 "GET /static/xadmin/vendor/selectize/selectize.bootstrap3.css HTTP/1.1" 304 0
INFO 2021-01-21 00:33:59,124 basehttp 124 "GET /static/xadmin/css/xadmin.form.css HTTP/1.1" 304 0
INFO 2021-01-21 00:33:59,127 basehttp 124 "GET /static/xadmin/vendor/jquery/jquery.js HTTP/1.1" 304 0
INFO 2021-01-21 00:33:59,144 basehttp 124 "GET /static/xadmin/vendor/jquery-ui/jquery.ui.widget.js HTTP/1.1" 304 0
INFO 2021-01-21 00:33:59,147 basehttp 124 "GET /static/xadmin/vendor/jquery-ui/jquery.ui.mouse.js HTTP/1.1" 304 0
INFO 2021-01-21 00:33:59,152 basehttp 124 "GET /static/xadmin/vendor/bootstrap/js/bootstrap.js HTTP/1.1" 304 0
INFO 2021-01-21 00:33:59,154 basehttp 124 "GET /static/xadmin/js/xadmin.main.js HTTP/1.1" 304 0
INFO 2021-01-21 00:33:59,157 basehttp 124 "GET /static/xadmin/js/xadmin.plugin.themes.js HTTP/1.1" 304 0
INFO 2021-01-21 00:33:59,158 basehttp 124 "GET /static/xadmin/vendor/jquery-ui/jquery.ui.effect.js HTTP/1.1" 304 0
INFO 2021-01-21 00:33:59,170 basehttp 124 "GET /static/xadmin/vendor/select2/select2.js HTTP/1.1" 304 0
INFO 2021-01-21 00:33:59,187 basehttp 124 "GET /static/xadmin/vendor/select2/select2_locale_zh-hans.js HTTP/1.1" 304 0
INFO 2021-01-21 00:33:59,192 basehttp 124 "GET /static/xadmin/js/xadmin.page.form.js HTTP/1.1" 304 0
INFO 2021-01-21 00:33:59,195 basehttp 124 "GET /static/xadmin/vendor/jquery-ui/jquery.ui.core.js HTTP/1.1" 304 0
INFO 2021-01-21 00:33:59,199 basehttp 124 "GET /static/xadmin/js/xadmin.widget.select.js HTTP/1.1" 304 0
INFO 2021-01-21 00:33:59,215 basehttp 124 "GET /static/xadmin/vendor/jquery-ui/jquery.ui.sortable.js HTTP/1.1" 304 0
INFO 2021-01-21 00:33:59,216 basehttp 124 "GET /static/xadmin/js/xadmin.responsive.js HTTP/1.1" 304 0
INFO 2021-01-21 00:33:59,219 basehttp 124 "GET /static/xadmin/js/xadmin.plugin.portal.js HTTP/1.1" 304 0
INFO 2021-01-21 00:33:59,222 basehttp 124 "GET /static/xadmin/vendor/selectize/selectize.js HTTP/1.1" 304 0
INFO 2021-01-21 00:34:03,217 basehttp 124 "GET /admin/jsi18n/ HTTP/1.1" 200 7684
INFO 2021-01-21 00:34:03,256 basehttp 124 "GET /static/xadmin/vendor/font-awesome/fonts/fontawesome-webfont.woff?v=4.0.3 HTTP/1.1" 304 0
INFO 2021-01-21 00:34:16,934 basehttp 124 "POST /admin/home/nav/3/update/ HTTP/1.1" 302 0
INFO 2021-01-21 00:34:21,334 basehttp 124 "GET /admin/home/nav/ HTTP/1.1" 200 35190
INFO 2021-01-21 00:34:21,457 basehttp 124 "GET /static/xadmin/js/xadmin.plugin.bookmark.js HTTP/1.1" 304 0
INFO 2021-01-21 00:34:21,483 basehttp 124 "GET /static/xadmin/js/xadmin.plugin.details.js HTTP/1.1" 304 0
INFO 2021-01-21 00:34:21,486 basehttp 124 "GET /static/xadmin/js/xadmin.plugin.actions.js HTTP/1.1" 304 0
INFO 2021-01-21 00:34:21,491 basehttp 124 "GET /static/xadmin/js/xadmin.page.list.js HTTP/1.1" 304 0
INFO 2021-01-21 00:34:21,491 basehttp 124 "GET /static/xadmin/js/xadmin.plugin.filters.js HTTP/1.1" 304 0
INFO 2021-01-21 00:34:25,501 basehttp 124 "GET /admin/jsi18n/ HTTP/1.1" 200 7684
INFO 2021-01-21 00:35:03,400 basehttp 124 "GET /home/header/ HTTP/1.1" 200 531
INFO 2021-01-21 00:35:03,428 basehttp 124 "GET /home/footer/ HTTP/1.1" 200 508
INFO 2021-01-21 00:35:03,430 basehttp 124 "GET /home/banner/ HTTP/1.1" 200 437
INFO 2021-01-21 00:39:31,683 basehttp 124 "GET /home/footer/ HTTP/1.1" 200 508
INFO 2021-01-21 00:39:31,683 basehttp 124 "GET /home/header/ HTTP/1.1" 200 531
INFO 2021-01-21 00:39:31,684 basehttp 124 "GET /home/banner/ HTTP/1.1" 200 437
INFO 2021-01-21 00:39:43,286 basehttp 124 "GET /home/header/ HTTP/1.1" 200 531
INFO 2021-01-21 00:39:43,323 basehttp 124 "GET /home/banner/ HTTP/1.1" 200 437
INFO 2021-01-21 00:39:43,332 basehttp 124 "GET /home/footer/ HTTP/1.1" 200 508
INFO 2021-01-21 00:40:32,373 basehttp 124 "GET /home/header/ HTTP/1.1" 200 531
INFO 2021-01-21 00:40:32,387 basehttp 124 "GET /home/footer/ HTTP/1.1" 200 508
INFO 2021-01-21 00:40:32,449 basehttp 124 "GET /home/banner/ HTTP/1.1" 200 437
INFO 2021-01-21 00:40:42,623 basehttp 124 "GET /home/header/ HTTP/1.1" 200 531
INFO 2021-01-21 00:40:42,685 basehttp 124 "GET /home/banner/ HTTP/1.1" 200 437
INFO 2021-01-21 00:40:42,691 basehttp 124 "GET /home/footer/ HTTP/1.1" 200 508
INFO 2021-01-21 00:41:49,288 basehttp 124 "GET /home/header/ HTTP/1.1" 200 531
INFO 2021-01-21 00:41:49,312 basehttp 124 "GET /home/footer/ HTTP/1.1" 200 508
INFO 2021-01-21 00:42:56,589 basehttp 124 "GET /home/header/ HTTP/1.1" 200 531
INFO 2021-01-21 00:42:56,644 basehttp 124 "GET /home/banner/ HTTP/1.1" 200 437
INFO 2021-01-21 00:42:56,652 basehttp 124 "GET /home/footer/ HTTP/1.1" 200 508
INFO 2021-01-21 00:48:58,645 basehttp 124 "GET /home/banner/ HTTP/1.1" 200 437
INFO 2021-01-21 00:48:58,646 basehttp 124 "GET /home/footer/ HTTP/1.1" 200 508
INFO 2021-01-21 00:48:58,647 basehttp 124 "GET /home/header/ HTTP/1.1" 200 531
INFO 2021-01-21 00:54:57,430 basehttp 124 "GET /admin/home/nav/12/update/ HTTP/1.1" 200 19506
INFO 2021-01-21 00:55:01,564 basehttp 124 "GET /admin/jsi18n/ HTTP/1.1" 200 7684
INFO 2021-01-21 00:55:10,267 basehttp 124 "POST /admin/home/nav/12/update/ HTTP/1.1" 302 0
INFO 2021-01-21 00:55:14,654 basehttp 124 "GET /admin/home/nav/ HTTP/1.1" 200 35193
INFO 2021-01-21 00:55:19,090 basehttp 124 "GET /admin/jsi18n/ HTTP/1.1" 200 7684
INFO 2021-01-21 00:55:27,243 basehttp 124 "GET /home/header/ HTTP/1.1" 200 531
INFO 2021-01-21 00:55:27,252 basehttp 124 "GET /home/banner/ HTTP/1.1" 200 437
INFO 2021-01-21 00:55:27,267 basehttp 124 "GET /home/footer/ HTTP/1.1" 200 507
INFO 2021-01-21 00:55:27,290 basehttp 124 "GET /media/banner/corejava.png HTTP/1.1" 304 0
INFO 2021-01-21 00:55:27,296 basehttp 124 "GET /media/banner/03.png HTTP/1.1" 304 0
INFO 2021-01-21 00:55:27,300 basehttp 124 "GET /media/banner/02.png HTTP/1.1" 304 0
INFO 2021-01-21 00:55:27,303 basehttp 124 "GET /media/banner/01.png HTTP/1.1" 304 0
INFO 2021-01-21 08:29:27,243 basehttp 124 "GET /home/header/ HTTP/1.1" 200 531
INFO 2021-01-21 08:29:27,283 basehttp 124 "GET /home/banner/ HTTP/1.1" 200 437
INFO 2021-01-21 08:29:27,313 basehttp 124 "GET /home/footer/ HTTP/1.1" 200 507
INFO 2021-01-21 08:29:27,342 basehttp 124 "GET /media/banner/03.png HTTP/1.1" 304 0
INFO 2021-01-21 08:29:27,342 basehttp 124 "GET /media/banner/corejava.png HTTP/1.1" 304 0
INFO 2021-01-21 08:29:27,352 basehttp 124 "GET /media/banner/02.png HTTP/1.1" 304 0
INFO 2021-01-21 08:29:27,352 basehttp 124 "GET /media/banner/01.png HTTP/1.1" 304 0
INFO 2021-01-21 08:29:31,390 basehttp 124 "GET /home/header/ HTTP/1.1" 200 531
INFO 2021-01-21 08:29:31,432 basehttp 124 "GET /home/banner/ HTTP/1.1" 200 437
INFO 2021-01-21 08:29:31,432 basehttp 124 "GET /home/footer/ HTTP/1.1" 200 507
INFO 2021-01-21 08:30:45,352 basehttp 124 "GET /home/footer/ HTTP/1.1" 200 507
INFO 2021-01-21 08:30:45,352 basehttp 124 "GET /home/banner/ HTTP/1.1" 200 437
INFO 2021-01-21 08:30:45,352 basehttp 124 "GET /home/header/ HTTP/1.1" 200 531
WARNING 2021-01-21 08:31:01,078 base 93 Not Found: /
WARNING 2021-01-21 08:31:01,083 basehttp 124 "GET / HTTP/1.1" 404 2150
WARNING 2021-01-21 08:31:01,552 base 93 Not Found: /favicon.ico
WARNING 2021-01-21 08:31:01,552 basehttp 124 "GET /favicon.ico HTTP/1.1" 404 2201
INFO 2021-01-21 08:31:22,090 basehttp 124 "GET /admin/ HTTP/1.1" 200 14810
INFO 2021-01-21 08:31:22,183 basehttp 124 "GET /static/xadmin/vendor/bootstrap/css/bootstrap.css HTTP/1.1" 304 0
INFO 2021-01-21 08:31:22,188 basehttp 124 "GET /static/xadmin/css/themes/bootstrap-xadmin.css HTTP/1.1" 304 0
INFO 2021-01-21 08:31:22,202 basehttp 124 "GET /static/xadmin/vendor/font-awesome/css/font-awesome.css HTTP/1.1" 304 0
INFO 2021-01-21 08:31:22,213 basehttp 124 "GET /static/xadmin/css/xadmin.main.css HTTP/1.1" 304 0
INFO 2021-01-21 08:31:22,223 basehttp 124 "GET /static/xadmin/vendor/jquery/jquery.js HTTP/1.1" 304 0
INFO 2021-01-21 08:31:22,223 basehttp 124 "GET /static/xadmin/css/xadmin.plugins.css HTTP/1.1" 304 0
INFO 2021-01-21 08:31:22,232 basehttp 124 "GET /static/xadmin/css/xadmin.page.dashboard.css HTTP/1.1" 304 0
INFO 2021-01-21 08:31:22,232 basehttp 124 "GET /static/xadmin/css/xadmin.responsive.css HTTP/1.1" 304 0
INFO 2021-01-21 08:31:22,243 basehttp 124 "GET /static/xadmin/vendor/jquery-ui/jquery.ui.core.js HTTP/1.1" 304 0
INFO 2021-01-21 08:31:22,252 basehttp 124 "GET /static/xadmin/js/xadmin.main.js HTTP/1.1" 304 0
INFO 2021-01-21 08:31:22,262 basehttp 124 "GET /static/xadmin/js/xadmin.responsive.js HTTP/1.1" 304 0
INFO 2021-01-21 08:31:22,262 basehttp 124 "GET /static/xadmin/vendor/jquery-ui/jquery.ui.effect.js HTTP/1.1" 304 0
INFO 2021-01-21 08:31:22,267 basehttp 124 "GET /static/xadmin/js/xadmin.plugin.themes.js HTTP/1.1" 304 0
INFO 2021-01-21 08:31:22,273 basehttp 124 "GET /static/xadmin/js/xadmin.page.dashboard.js HTTP/1.1" 304 0
INFO 2021-01-21 08:31:22,288 basehttp 124 "GET /static/xadmin/vendor/jquery-ui/jquery.ui.mouse.js HTTP/1.1" 304 0
INFO 2021-01-21 08:31:22,293 basehttp 124 "GET /static/xadmin/vendor/jquery-ui/jquery.ui.widget.js HTTP/1.1" 304 0
INFO 2021-01-21 08:31:22,293 basehttp 124 "GET /static/xadmin/vendor/jquery-ui/jquery.ui.sortable.js HTTP/1.1" 304 0
INFO 2021-01-21 08:31:22,302 basehttp 124 "GET /static/xadmin/vendor/bootstrap/js/bootstrap.js HTTP/1.1" 304 0
INFO 2021-01-21 08:31:22,307 basehttp 124 "GET /static/xadmin/js/xadmin.plugin.portal.js HTTP/1.1" 304 0
INFO 2021-01-21 08:31:26,362 basehttp 124 "GET /admin/jsi18n/ HTTP/1.1" 200 7684
INFO 2021-01-21 08:31:26,727 basehttp 124 "GET /static/xadmin/vendor/font-awesome/fonts/fontawesome-webfont.woff?v=4.0.3 HTTP/1.1" 304 0
INFO 2021-01-21 08:31:53,208 basehttp 124 "GET /admin/home/nav/ HTTP/1.1" 200 34958
INFO 2021-01-21 08:31:53,303 basehttp 124 "GET /static/xadmin/css/xadmin.form.css HTTP/1.1" 304 0
INFO 2021-01-21 08:31:53,323 basehttp 124 "GET /static/xadmin/js/xadmin.plugin.details.js HTTP/1.1" 304 0
INFO 2021-01-21 08:31:53,323 basehttp 124 "GET /static/xadmin/js/xadmin.plugin.filters.js HTTP/1.1" 304 0
INFO 2021-01-21 08:31:53,323 basehttp 124 "GET /static/xadmin/js/xadmin.plugin.bookmark.js HTTP/1.1" 304 0
INFO 2021-01-21 08:31:53,333 basehttp 124 "GET /static/xadmin/js/xadmin.plugin.actions.js HTTP/1.1" 304 0
INFO 2021-01-21 08:31:53,333 basehttp 124 "GET /static/xadmin/js/xadmin.page.list.js HTTP/1.1" 304 0
INFO 2021-01-21 08:31:53,333 basehttp 124 "GET /static/xadmin/js/xadmin.page.form.js HTTP/1.1" 304 0
INFO 2021-01-21 08:31:57,372 basehttp 124 "GET /admin/jsi18n/ HTTP/1.1" 200 7684
INFO 2021-01-21 08:32:17,043 basehttp 124 "GET /admin/home/banner/ HTTP/1.1" 200 31126
INFO 2021-01-21 08:32:21,183 basehttp 124 "GET /admin/jsi18n/ HTTP/1.1" 200 7684
INFO 2021-01-21 08:32:33,473 basehttp 124 "GET /admin/home/banner/1/update/ HTTP/1.1" 200 20356
INFO 2021-01-21 08:32:33,577 basehttp 124 "GET /static/xadmin/vendor/bootstrap-image-gallery/css/bootstrap-image-gallery.css HTTP/1.1" 304 0
INFO 2021-01-21 08:32:33,607 basehttp 124 "GET /static/xadmin/vendor/load-image/load-image.js HTTP/1.1" 304 0
INFO 2021-01-21 08:32:33,623 basehttp 124 "GET /static/xadmin/vendor/bootstrap-image-gallery/js/bootstrap-image-gallery.js HTTP/1.1" 304 0
INFO 2021-01-21 08:32:37,642 basehttp 124 "GET /admin/jsi18n/ HTTP/1.1" 200 7684
INFO 2021-01-21 08:32:44,283 basehttp 124 "GET /admin/home/banner/ HTTP/1.1" 200 31126
INFO 2021-01-21 08:32:50,482 basehttp 124 "GET /admin/home/banner/4/update/ HTTP/1.1" 200 20407
INFO 2021-01-21 08:32:54,628 basehttp 124 "GET /admin/jsi18n/ HTTP/1.1" 200 7684
INFO 2021-01-21 08:33:22,642 basehttp 124 "POST /admin/home/banner/4/update/ HTTP/1.1" 302 0
INFO 2021-01-21 08:33:26,952 basehttp 124 "GET /admin/home/banner/ HTTP/1.1" 200 31364
INFO 2021-01-21 08:33:31,163 basehttp 124 "GET /admin/jsi18n/ HTTP/1.1" 200 7684
INFO 2021-01-21 08:33:38,742 basehttp 124 "GET /admin/home/banner/3/update/ HTTP/1.1" 200 20434
INFO 2021-01-21 08:33:42,932 basehttp 124 "GET /admin/jsi18n/ HTTP/1.1" 200 7684
INFO 2021-01-21 08:33:54,176 basehttp 124 "GET /admin/home/banner/ HTTP/1.1" 200 31125
INFO 2021-01-21 08:33:58,332 basehttp 124 "GET /admin/jsi18n/ HTTP/1.1" 200 7684
INFO 2021-01-21 08:34:12,302 basehttp 124 "GET /admin/home/banner/?_cols=title.orders.is_show.img.link HTTP/1.1" 200 33876
INFO 2021-01-21 08:34:16,462 basehttp 124 "GET /admin/jsi18n/ HTTP/1.1" 200 7684
INFO 2021-01-21 08:34:30,936 basehttp 124 "GET /admin/home/banner/2/update/ HTTP/1.1" 200 20341
INFO 2021-01-21 08:34:35,102 basehttp 124 "GET /admin/jsi18n/ HTTP/1.1" 200 7684
INFO 2021-01-21 08:36:06,853 basehttp 124 "POST /admin/home/banner/2/update/ HTTP/1.1" 302 0
INFO 2021-01-21 08:36:11,202 basehttp 124 "GET /admin/home/banner/ HTTP/1.1" 200 31362
INFO 2021-01-21 08:36:15,376 basehttp 124 "GET /admin/jsi18n/ HTTP/1.1" 200 7684
INFO 2021-01-21 08:36:32,762 basehttp 124 "GET /home/header/ HTTP/1.1" 200 531
INFO 2021-01-21 08:36:32,792 basehttp 124 "GET /home/banner/ HTTP/1.1" 200 443
INFO 2021-01-21 08:36:32,813 basehttp 124 "GET /home/footer/ HTTP/1.1" 200 507
INFO 2021-01-21 08:36:32,863 basehttp 124 "GET /media/banner/8496137.jpg HTTP/1.1" 200 427847
INFO 2021-01-21 08:36:32,872 basehttp 124 "GET /media/banner/02_pkOyPsy.png HTTP/1.1" 200 364808
INFO 2021-01-21 08:37:06,852 basehttp 124 "GET /media/banner/8496137.jpg HTTP/1.1" 304 0
INFO 2021-01-21 08:37:06,852 basehttp 124 "GET /media/banner/02_pkOyPsy.png HTTP/1.1" 304 0
INFO 2021-01-21 08:37:29,262 basehttp 124 "GET /media/banner/8496137.jpg HTTP/1.1" 304 0
INFO 2021-01-21 08:37:29,272 basehttp 124 "GET /media/banner/02_pkOyPsy.png HTTP/1.1" 304 0
